{"/home/user/climbox/packages/api/src/luxon-extensions.ts": {"path":"/home/user/climbox/packages/api/src/luxon-extensions.ts","statementMap":{"0":{"start":{"line":1,"column":0},"end":{"line":1,"column":9}},"1":{"start":{"line":13,"column":9},"end":{"line":1,"column":33}},"2":{"start":{"line":9,"column":0},"end":{"line":11,"column":2}},"3":{"start":{"line":10,"column":2},"end":{"line":10,"column":39}}},"fnMap":{"0":{"name":"(anonymous_0)","decl":{"start":{"line":13,"column":9},"end":{"line":13,"column":17}},"loc":{"start":{"line":13,"column":9},"end":{"line":1,"column":33}}},"1":{"name":"(anonymous_1)","decl":{"start":{"line":9,"column":33},"end":{"line":9,"column":null}},"loc":{"start":{"line":9,"column":33},"end":{"line":11,"column":1}}}},"branchMap":{},"s":{"0":3,"1":7,"2":3,"3":0},"f":{"0":4,"1":0},"b":{}}
,"/home/user/climbox/packages/api/src/google-cloud/google-cloud.service.ts": {"path":"/home/user/climbox/packages/api/src/google-cloud/google-cloud.service.ts","statementMap":{"0":{"start":{"line":1,"column":0},"end":{"line":1,"column":null}},"1":{"start":{"line":6,"column":0},"end":{"line":6,"column":51}},"2":{"start":{"line":7,"column":0},"end":{"line":7,"column":48}},"3":{"start":{"line":8,"column":0},"end":{"line":8,"column":37}},"4":{"start":{"line":9,"column":0},"end":{"line":9,"column":24}},"5":{"start":{"line":10,"column":0},"end":{"line":10,"column":58}},"6":{"start":{"line":11,"column":0},"end":{"line":11,"column":66}},"7":{"start":{"line":12,"column":0},"end":{"line":12,"column":null}},"8":{"start":{"line":16,"column":0},"end":{"line":16,"column":61}},"9":{"start":{"line":19,"column":7},"end":{"line":212,"column":null}},"10":{"start":{"line":30,"column":12},"end":{"line":30,"column":36}},"11":{"start":{"line":33,"column":12},"end":{"line":33,"column":36}},"12":{"start":{"line":20,"column":10},"end":{"line":20,"column":37}},"13":{"start":{"line":23,"column":19},"end":{"line":23,"column":55}},"14":{"start":{"line":24,"column":19},"end":{"line":24,"column":63}},"15":{"start":{"line":25,"column":19},"end":{"line":25,"column":57}},"16":{"start":{"line":26,"column":19},"end":{"line":26,"column":57}},"17":{"start":{"line":35,"column":4},"end":{"line":39,"column":7}},"18":{"start":{"line":48,"column":4},"end":{"line":51,"column":null}},"19":{"start":{"line":49,"column":6},"end":{"line":49,"column":76}},"20":{"start":{"line":50,"column":6},"end":{"line":50,"column":47}},"21":{"start":{"line":52,"column":19},"end":{"line":52,"column":51}},"22":{"start":{"line":53,"column":21},"end":{"line":53,"column":44}},"23":{"start":{"line":54,"column":4},"end":{"line":54,"column":57}},"24":{"start":{"line":63,"column":17},"end":{"line":63,"column":65}},"25":{"start":{"line":64,"column":4},"end":{"line":64,"column":36}},"26":{"start":{"line":65,"column":4},"end":{"line":65,"column":16}},"27":{"start":{"line":74,"column":24},"end":{"line":74,"column":72}},"28":{"start":{"line":75,"column":4},"end":{"line":75,"column":50}},"29":{"start":{"line":82,"column":4},"end":{"line":85,"column":null}},"30":{"start":{"line":83,"column":6},"end":{"line":83,"column":72}},"31":{"start":{"line":84,"column":6},"end":{"line":84,"column":47}},"32":{"start":{"line":86,"column":21},"end":{"line":92,"column":8}},"33":{"start":{"line":94,"column":22},"end":{"line":94,"column":38}},"34":{"start":{"line":96,"column":4},"end":{"line":96,"column":76}},"35":{"start":{"line":106,"column":17},"end":{"line":106,"column":65}},"36":{"start":{"line":107,"column":4},"end":{"line":107,"column":56}},"37":{"start":{"line":115,"column":4},"end":{"line":118,"column":null}},"38":{"start":{"line":116,"column":6},"end":{"line":116,"column":72}},"39":{"start":{"line":117,"column":6},"end":{"line":117,"column":47}},"40":{"start":{"line":119,"column":17},"end":{"line":119,"column":62}},"41":{"start":{"line":120,"column":4},"end":{"line":126,"column":null}},"42":{"start":{"line":121,"column":25},"end":{"line":121,"column":79}},"43":{"start":{"line":122,"column":6},"end":{"line":122,"column":64}},"44":{"start":{"line":124,"column":6},"end":{"line":124,"column":31}},"45":{"start":{"line":125,"column":6},"end":{"line":125,"column":47}},"46":{"start":{"line":127,"column":4},"end":{"line":127,"column":69}},"47":{"start":{"line":131,"column":4},"end":{"line":136,"column":null}},"48":{"start":{"line":132,"column":6},"end":{"line":134,"column":8}},"49":{"start":{"line":135,"column":6},"end":{"line":135,"column":47}},"50":{"start":{"line":138,"column":4},"end":{"line":140,"column":null}},"51":{"start":{"line":139,"column":6},"end":{"line":139,"column":47}},"52":{"start":{"line":142,"column":24},"end":{"line":144,"column":6}},"53":{"start":{"line":146,"column":24},"end":{"line":148,"column":6}},"54":{"start":{"line":150,"column":29},"end":{"line":151,"column":null}},"55":{"start":{"line":151,"column":33},"end":{"line":151,"column":69}},"56":{"start":{"line":154,"column":30},"end":{"line":157,"column":null}},"57":{"start":{"line":156,"column":8},"end":{"line":156,"column":59}},"58":{"start":{"line":160,"column":27},"end":{"line":160,"column":74}},"59":{"start":{"line":160,"column":58},"end":{"line":160,"column":72}},"60":{"start":{"line":162,"column":32},"end":{"line":164,"column":79}},"61":{"start":{"line":166,"column":38},"end":{"line":170,"column":8}},"62":{"start":{"line":172,"column":26},"end":{"line":175,"column":25}},"63":{"start":{"line":173,"column":21},"end":{"line":173,"column":50}},"64":{"start":{"line":174,"column":21},"end":{"line":174,"column":51}},"65":{"start":{"line":175,"column":18},"end":{"line":175,"column":24}},"66":{"start":{"line":177,"column":32},"end":{"line":179,"column":25}},"67":{"start":{"line":178,"column":21},"end":{"line":178,"column":48}},"68":{"start":{"line":179,"column":18},"end":{"line":179,"column":24}},"69":{"start":{"line":181,"column":4},"end":{"line":181,"column":54}},"70":{"start":{"line":185,"column":26},"end":{"line":185,"column":56}},"71":{"start":{"line":187,"column":20},"end":{"line":191,"column":6}},"72":{"start":{"line":188,"column":6},"end":{"line":190,"column":9}},"73":{"start":{"line":189,"column":8},"end":{"line":189,"column":59}},"74":{"start":{"line":193,"column":4},"end":{"line":193,"column":32}},"75":{"start":{"line":197,"column":4},"end":{"line":200,"column":null}},"76":{"start":{"line":198,"column":6},"end":{"line":198,"column":72}},"77":{"start":{"line":199,"column":6},"end":{"line":199,"column":47}},"78":{"start":{"line":202,"column":4},"end":{"line":210,"column":null}},"79":{"start":{"line":203,"column":6},"end":{"line":203,"column":69}},"80":{"start":{"line":205,"column":6},"end":{"line":208,"column":8}},"81":{"start":{"line":209,"column":6},"end":{"line":209,"column":47}},"82":{"start":{"line":19,"column":13},"end":{"line":212,"column":null}},"83":{"start":{"line":19,"column":13},"end":{"line":19,"column":31}}},"fnMap":{"0":{"name":"(anonymous_12)","decl":{"start":{"line":28,"column":2},"end":{"line":28,"column":null}},"loc":{"start":{"line":33,"column":59},"end":{"line":40,"column":3}}},"1":{"name":"(anonymous_13)","decl":{"start":{"line":42,"column":10},"end":{"line":42,"column":24}},"loc":{"start":{"line":46,"column":18},"end":{"line":55,"column":3}}},"2":{"name":"(anonymous_14)","decl":{"start":{"line":57,"column":9},"end":{"line":57,"column":24}},"loc":{"start":{"line":61,"column":38},"end":{"line":66,"column":3}}},"3":{"name":"(anonymous_15)","decl":{"start":{"line":68,"column":15},"end":{"line":68,"column":29}},"loc":{"start":{"line":72,"column":38},"end":{"line":76,"column":null}}},"4":{"name":"(anonymous_17)","decl":{"start":{"line":78,"column":16},"end":{"line":78,"column":26}},"loc":{"start":{"line":80,"column":23},"end":{"line":97,"column":null}}},"5":{"name":"(anonymous_19)","decl":{"start":{"line":99,"column":9},"end":{"line":99,"column":21}},"loc":{"start":{"line":104,"column":18},"end":{"line":108,"column":3}}},"6":{"name":"(anonymous_20)","decl":{"start":{"line":110,"column":15},"end":{"line":110,"column":40}},"loc":{"start":{"line":113,"column":28},"end":{"line":128,"column":null}}},"7":{"name":"(anonymous_22)","decl":{"start":{"line":130,"column":15},"end":{"line":130,"column":32}},"loc":{"start":{"line":130,"column":32},"end":{"line":182,"column":null}}},"8":{"name":"(anonymous_24)","decl":{"start":{"line":151,"column":22},"end":{"line":151,"column":23}},"loc":{"start":{"line":151,"column":33},"end":{"line":151,"column":69}}},"9":{"name":"(anonymous_25)","decl":{"start":{"line":155,"column":22},"end":{"line":155,"column":23}},"loc":{"start":{"line":156,"column":8},"end":{"line":156,"column":59}}},"10":{"name":"(anonymous_26)","decl":{"start":{"line":160,"column":51},"end":{"line":160,"column":52}},"loc":{"start":{"line":160,"column":58},"end":{"line":160,"column":72}}},"11":{"name":"(anonymous_27)","decl":{"start":{"line":173,"column":14},"end":{"line":173,"column":15}},"loc":{"start":{"line":173,"column":21},"end":{"line":173,"column":50}}},"12":{"name":"(anonymous_28)","decl":{"start":{"line":174,"column":14},"end":{"line":174,"column":15}},"loc":{"start":{"line":174,"column":21},"end":{"line":174,"column":51}}},"13":{"name":"(anonymous_29)","decl":{"start":{"line":175,"column":11},"end":{"line":175,"column":12}},"loc":{"start":{"line":175,"column":18},"end":{"line":175,"column":24}}},"14":{"name":"(anonymous_30)","decl":{"start":{"line":178,"column":14},"end":{"line":178,"column":15}},"loc":{"start":{"line":178,"column":21},"end":{"line":178,"column":48}}},"15":{"name":"(anonymous_31)","decl":{"start":{"line":179,"column":11},"end":{"line":179,"column":12}},"loc":{"start":{"line":179,"column":18},"end":{"line":179,"column":24}}},"16":{"name":"(anonymous_32)","decl":{"start":{"line":184,"column":15},"end":{"line":184,"column":34}},"loc":{"start":{"line":184,"column":34},"end":{"line":194,"column":null}}},"17":{"name":"(anonymous_34)","decl":{"start":{"line":187,"column":38},"end":{"line":187,"column":39}},"loc":{"start":{"line":187,"column":47},"end":{"line":191,"column":5}}},"18":{"name":"(anonymous_35)","decl":{"start":{"line":188,"column":41},"end":{"line":188,"column":44}},"loc":{"start":{"line":188,"column":46},"end":{"line":190,"column":7}}},"19":{"name":"(anonymous_36)","decl":{"start":{"line":196,"column":15},"end":{"line":196,"column":25}},"loc":{"start":{"line":196,"column":38},"end":{"line":211,"column":null}}}},"branchMap":{"0":{"loc":{"start":{"line":48,"column":4},"end":{"line":51,"column":null}},"type":"if","locations":[{"start":{"line":48,"column":4},"end":{"line":51,"column":null}}]},"1":{"loc":{"start":{"line":60,"column":4},"end":{"line":60,"column":27}},"type":"default-arg","locations":[{"start":{"line":60,"column":18},"end":{"line":60,"column":27}}]},"2":{"loc":{"start":{"line":61,"column":4},"end":{"line":61,"column":38}},"type":"default-arg","locations":[{"start":{"line":61,"column":21},"end":{"line":61,"column":38}}]},"3":{"loc":{"start":{"line":71,"column":4},"end":{"line":71,"column":27}},"type":"default-arg","locations":[{"start":{"line":71,"column":18},"end":{"line":71,"column":27}}]},"4":{"loc":{"start":{"line":72,"column":4},"end":{"line":72,"column":38}},"type":"default-arg","locations":[{"start":{"line":72,"column":21},"end":{"line":72,"column":38}}]},"5":{"loc":{"start":{"line":82,"column":4},"end":{"line":85,"column":null}},"type":"if","locations":[{"start":{"line":82,"column":4},"end":{"line":85,"column":null}}]},"6":{"loc":{"start":{"line":113,"column":4},"end":{"line":113,"column":28}},"type":"default-arg","locations":[{"start":{"line":113,"column":13},"end":{"line":113,"column":28}}]},"7":{"loc":{"start":{"line":115,"column":4},"end":{"line":118,"column":null}},"type":"if","locations":[{"start":{"line":115,"column":4},"end":{"line":118,"column":null}}]},"8":{"loc":{"start":{"line":121,"column":25},"end":{"line":121,"column":79}},"type":"cond-expr","locations":[{"start":{"line":121,"column":51},"end":{"line":121,"column":57}},{"start":{"line":121,"column":60},"end":{"line":121,"column":79}}]},"9":{"loc":{"start":{"line":131,"column":4},"end":{"line":136,"column":null}},"type":"if","locations":[{"start":{"line":131,"column":4},"end":{"line":136,"column":null}}]},"10":{"loc":{"start":{"line":131,"column":8},"end":{"line":131,"column":48}},"type":"binary-expr","locations":[{"start":{"line":131,"column":8},"end":{"line":131,"column":24}},{"start":{"line":131,"column":28},"end":{"line":131,"column":48}}]},"11":{"loc":{"start":{"line":138,"column":4},"end":{"line":140,"column":null}},"type":"if","locations":[{"start":{"line":138,"column":4},"end":{"line":140,"column":null}}]},"12":{"loc":{"start":{"line":138,"column":8},"end":{"line":138,"column":66}},"type":"binary-expr","locations":[{"start":{"line":138,"column":8},"end":{"line":138,"column":35}},{"start":{"line":138,"column":39},"end":{"line":138,"column":66}}]},"13":{"loc":{"start":{"line":156,"column":34},"end":{"line":156,"column":58}},"type":"binary-expr","locations":[{"start":{"line":156,"column":34},"end":{"line":156,"column":52}},{"start":{"line":156,"column":56},"end":{"line":156,"column":58}}]},"14":{"loc":{"start":{"line":197,"column":4},"end":{"line":200,"column":null}},"type":"if","locations":[{"start":{"line":197,"column":4},"end":{"line":200,"column":null}}]}},"s":{"0":1,"1":1,"2":1,"3":1,"4":1,"5":1,"6":1,"7":1,"8":1,"9":1,"10":0,"11":0,"12":0,"13":0,"14":0,"15":0,"16":0,"17":0,"18":0,"19":0,"20":0,"21":0,"22":0,"23":0,"24":0,"25":0,"26":0,"27":0,"28":0,"29":0,"30":0,"31":0,"32":0,"33":0,"34":0,"35":0,"36":0,"37":0,"38":0,"39":0,"40":0,"41":0,"42":0,"43":0,"44":0,"45":0,"46":0,"47":0,"48":0,"49":0,"50":0,"51":0,"52":0,"53":0,"54":0,"55":0,"56":0,"57":0,"58":0,"59":0,"60":0,"61":0,"62":0,"63":0,"64":0,"65":0,"66":0,"67":0,"68":0,"69":0,"70":0,"71":0,"72":0,"73":0,"74":0,"75":0,"76":0,"77":0,"78":0,"79":0,"80":0,"81":0,"82":1,"83":1},"f":{"0":0,"1":0,"2":0,"3":0,"4":0,"5":0,"6":0,"7":0,"8":0,"9":0,"10":0,"11":0,"12":0,"13":0,"14":0,"15":0,"16":0,"17":0,"18":0,"19":0},"b":{"0":[0],"1":[0],"2":[0],"3":[0],"4":[0],"5":[0],"6":[0],"7":[0],"8":[0,0],"9":[0],"10":[0,0],"11":[0],"12":[0,0],"13":[0,0],"14":[0]}}
,"/home/user/climbox/packages/api/src/sites/schemas/source-type.enum.ts": {"path":"/home/user/climbox/packages/api/src/sites/schemas/source-type.enum.ts","statementMap":{"0":{"start":{"line":1,"column":0},"end":{"line":1,"column":null}},"1":{"start":{"line":2,"column":2},"end":{"line":2,"column":null}},"2":{"start":{"line":3,"column":2},"end":{"line":3,"column":null}},"3":{"start":{"line":4,"column":2},"end":{"line":4,"column":null}},"4":{"start":{"line":5,"column":2},"end":{"line":5,"column":null}},"5":{"start":{"line":6,"column":2},"end":{"line":6,"column":null}},"6":{"start":{"line":7,"column":2},"end":{"line":7,"column":null}},"7":{"start":{"line":8,"column":2},"end":{"line":8,"column":null}},"8":{"start":{"line":9,"column":2},"end":{"line":9,"column":null}},"9":{"start":{"line":10,"column":2},"end":{"line":10,"column":null}}},"fnMap":{"0":{"name":"(anonymous_0)","decl":{"start":{"line":1,"column":0},"end":{"line":1,"column":12}},"loc":{"start":{"line":1,"column":22},"end":{"line":11,"column":1}}}},"branchMap":{"0":{"loc":{"start":{"line":1,"column":12},"end":{"line":1,"column":null}},"type":"binary-expr","locations":[{"start":{"line":1,"column":12},"end":{"line":1,"column":22}},{"start":{"line":1,"column":12},"end":{"line":1,"column":null}}]}},"s":{"0":2,"1":2,"2":2,"3":2,"4":2,"5":2,"6":2,"7":2,"8":2,"9":2},"f":{"0":2},"b":{"0":[2,2]}}
,"/home/user/climbox/packages/api/src/time-series/metrics.enum.ts": {"path":"/home/user/climbox/packages/api/src/time-series/metrics.enum.ts","statementMap":{"0":{"start":{"line":1,"column":0},"end":{"line":1,"column":null}},"1":{"start":{"line":3,"column":2},"end":{"line":3,"column":null}},"2":{"start":{"line":4,"column":2},"end":{"line":4,"column":null}},"3":{"start":{"line":5,"column":2},"end":{"line":5,"column":null}},"4":{"start":{"line":6,"column":2},"end":{"line":6,"column":null}},"5":{"start":{"line":7,"column":2},"end":{"line":7,"column":null}},"6":{"start":{"line":8,"column":2},"end":{"line":8,"column":null}},"7":{"start":{"line":9,"column":2},"end":{"line":9,"column":null}},"8":{"start":{"line":10,"column":2},"end":{"line":10,"column":null}},"9":{"start":{"line":11,"column":2},"end":{"line":11,"column":null}},"10":{"start":{"line":12,"column":2},"end":{"line":12,"column":null}},"11":{"start":{"line":13,"column":2},"end":{"line":13,"column":null}},"12":{"start":{"line":14,"column":2},"end":{"line":14,"column":null}},"13":{"start":{"line":15,"column":2},"end":{"line":15,"column":null}},"14":{"start":{"line":16,"column":2},"end":{"line":16,"column":null}},"15":{"start":{"line":17,"column":2},"end":{"line":17,"column":null}},"16":{"start":{"line":18,"column":2},"end":{"line":18,"column":null}},"17":{"start":{"line":19,"column":2},"end":{"line":19,"column":null}},"18":{"start":{"line":20,"column":2},"end":{"line":20,"column":null}},"19":{"start":{"line":22,"column":2},"end":{"line":22,"column":null}},"20":{"start":{"line":23,"column":2},"end":{"line":23,"column":null}},"21":{"start":{"line":24,"column":2},"end":{"line":24,"column":null}},"22":{"start":{"line":25,"column":2},"end":{"line":25,"column":null}},"23":{"start":{"line":26,"column":2},"end":{"line":26,"column":null}},"24":{"start":{"line":27,"column":2},"end":{"line":27,"column":null}},"25":{"start":{"line":28,"column":2},"end":{"line":28,"column":null}},"26":{"start":{"line":29,"column":2},"end":{"line":29,"column":null}},"27":{"start":{"line":30,"column":2},"end":{"line":30,"column":null}},"28":{"start":{"line":31,"column":2},"end":{"line":31,"column":null}},"29":{"start":{"line":32,"column":2},"end":{"line":32,"column":null}},"30":{"start":{"line":33,"column":2},"end":{"line":33,"column":null}},"31":{"start":{"line":34,"column":2},"end":{"line":34,"column":null}},"32":{"start":{"line":35,"column":2},"end":{"line":35,"column":null}},"33":{"start":{"line":36,"column":2},"end":{"line":36,"column":null}},"34":{"start":{"line":37,"column":2},"end":{"line":37,"column":null}},"35":{"start":{"line":38,"column":2},"end":{"line":38,"column":null}},"36":{"start":{"line":39,"column":2},"end":{"line":39,"column":null}},"37":{"start":{"line":40,"column":2},"end":{"line":40,"column":null}},"38":{"start":{"line":41,"column":2},"end":{"line":41,"column":null}},"39":{"start":{"line":43,"column":2},"end":{"line":43,"column":null}},"40":{"start":{"line":44,"column":2},"end":{"line":44,"column":null}},"41":{"start":{"line":45,"column":2},"end":{"line":45,"column":null}},"42":{"start":{"line":46,"column":2},"end":{"line":46,"column":null}},"43":{"start":{"line":47,"column":2},"end":{"line":47,"column":null}},"44":{"start":{"line":48,"column":2},"end":{"line":48,"column":null}}},"fnMap":{"0":{"name":"(anonymous_0)","decl":{"start":{"line":1,"column":0},"end":{"line":1,"column":12}},"loc":{"start":{"line":1,"column":18},"end":{"line":49,"column":1}}}},"branchMap":{"0":{"loc":{"start":{"line":1,"column":12},"end":{"line":1,"column":null}},"type":"binary-expr","locations":[{"start":{"line":1,"column":12},"end":{"line":1,"column":18}},{"start":{"line":1,"column":12},"end":{"line":1,"column":null}}]}},"s":{"0":2,"1":2,"2":2,"3":2,"4":2,"5":2,"6":2,"7":2,"8":2,"9":2,"10":2,"11":2,"12":2,"13":2,"14":2,"15":2,"16":2,"17":2,"18":2,"19":2,"20":2,"21":2,"22":2,"23":2,"24":2,"25":2,"26":2,"27":2,"28":2,"29":2,"30":2,"31":2,"32":2,"33":2,"34":2,"35":2,"36":2,"37":2,"38":2,"39":2,"40":2,"41":2,"42":2,"43":2,"44":2},"f":{"0":2},"b":{"0":[2,2]}}
,"/home/user/climbox/packages/api/src/uploads/file.decorator.ts": {"path":"/home/user/climbox/packages/api/src/uploads/file.decorator.ts","statementMap":{"0":{"start":{"line":2,"column":0},"end":{"line":2,"column":29}},"1":{"start":{"line":3,"column":0},"end":{"line":3,"column":39}},"2":{"start":{"line":4,"column":0},"end":{"line":4,"column":47}},"3":{"start":{"line":6,"column":29},"end":{"line":16,"column":1}},"4":{"start":{"line":12,"column":20},"end":{"line":12,"column":38}},"5":{"start":{"line":13,"column":23},"end":{"line":13,"column":72}},"6":{"start":{"line":13,"column":39},"end":{"line":13,"column":62}},"7":{"start":{"line":14,"column":19},"end":{"line":14,"column":66}},"8":{"start":{"line":15,"column":2},"end":{"line":15,"column":37}},"9":{"start":{"line":6,"column":13},"end":{"line":6,"column":29}},"10":{"start":{"line":19,"column":2},"end":{"line":27,"column":4}},"11":{"start":{"line":24,"column":17},"end":{"line":24,"column":48}},"12":{"start":{"line":25,"column":25},"end":{"line":25,"column":79}},"13":{"start":{"line":26,"column":4},"end":{"line":26,"column":40}},"14":{"start":{"line":18,"column":0},"end":{"line":18,"column":16}}},"fnMap":{"0":{"name":"(anonymous_6)","decl":{"start":{"line":6,"column":29},"end":{"line":6,"column":null}},"loc":{"start":{"line":11,"column":4},"end":{"line":16,"column":1}}},"1":{"name":"(anonymous_7)","decl":{"start":{"line":13,"column":33},"end":{"line":13,"column":36}},"loc":{"start":{"line":13,"column":39},"end":{"line":13,"column":62}}},"2":{"name":"assignName","decl":{"start":{"line":18,"column":16},"end":{"line":18,"column":26}},"loc":{"start":{"line":18,"column":57},"end":{"line":28,"column":1}}},"3":{"name":"(anonymous_9)","decl":{"start":{"line":19,"column":9},"end":{"line":19,"column":null}},"loc":{"start":{"line":23,"column":6},"end":{"line":27,"column":3}}}},"branchMap":{},"s":{"0":1,"1":1,"2":1,"3":1,"4":0,"5":0,"6":0,"7":0,"8":0,"9":1,"10":0,"11":0,"12":0,"13":0,"14":1},"f":{"0":0,"1":0,"2":0,"3":0},"b":{}}
,"/home/user/climbox/packages/api/src/uploads/mimetypes.ts": {"path":"/home/user/climbox/packages/api/src/uploads/mimetypes.ts","statementMap":{"0":{"start":{"line":1,"column":13},"end":{"line":4,"column":2}},"1":{"start":{"line":8,"column":2},"end":{"line":13,"column":null}},"2":{"start":{"line":9,"column":20},"end":{"line":9,"column":65}},"3":{"start":{"line":9,"column":43},"end":{"line":9,"column":57}},"4":{"start":{"line":10,"column":4},"end":{"line":12,"column":null}},"5":{"start":{"line":11,"column":6},"end":{"line":11,"column":17}},"6":{"start":{"line":14,"column":2},"end":{"line":14,"column":19}},"7":{"start":{"line":6,"column":0},"end":{"line":6,"column":16}}},"fnMap":{"0":{"name":"validateMimetype","decl":{"start":{"line":6,"column":16},"end":{"line":6,"column":32}},"loc":{"start":{"line":6,"column":49},"end":{"line":15,"column":1}}},"1":{"name":"(anonymous_1)","decl":{"start":{"line":9,"column":36},"end":{"line":9,"column":37}},"loc":{"start":{"line":9,"column":43},"end":{"line":9,"column":57}}}},"branchMap":{"0":{"loc":{"start":{"line":10,"column":4},"end":{"line":12,"column":null}},"type":"if","locations":[{"start":{"line":10,"column":4},"end":{"line":12,"column":null}}]}},"s":{"0":1,"1":0,"2":0,"3":0,"4":0,"5":0,"6":0,"7":1},"f":{"0":0,"1":0},"b":{"0":[0]}}
,"/home/user/climbox/packages/api/src/utils/bleachingAlert.ts": {"path":"/home/user/climbox/packages/api/src/utils/bleachingAlert.ts","statementMap":{"0":{"start":{"line":1,"column":0},"end":{"line":1,"column":50}},"1":{"start":{"line":10,"column":35},"end":{"line":46,"column":1}},"2":{"start":{"line":16,"column":4},"end":{"line":18,"column":41}},"3":{"start":{"line":20,"column":2},"end":{"line":45,"column":null}},"4":{"start":{"line":22,"column":6},"end":{"line":22,"column":23}},"5":{"start":{"line":25,"column":6},"end":{"line":25,"column":15}},"6":{"start":{"line":28,"column":6},"end":{"line":28,"column":15}},"7":{"start":{"line":32,"column":6},"end":{"line":32,"column":15}},"8":{"start":{"line":35,"column":6},"end":{"line":35,"column":15}},"9":{"start":{"line":38,"column":6},"end":{"line":38,"column":15}},"10":{"start":{"line":41,"column":6},"end":{"line":41,"column":15}},"11":{"start":{"line":44,"column":6},"end":{"line":44,"column":23}},"12":{"start":{"line":10,"column":13},"end":{"line":10,"column":35}}},"fnMap":{"0":{"name":"(anonymous_0)","decl":{"start":{"line":10,"column":35},"end":{"line":10,"column":null}},"loc":{"start":{"line":14,"column":24},"end":{"line":46,"column":1}}}},"branchMap":{"0":{"loc":{"start":{"line":16,"column":4},"end":{"line":18,"column":41}},"type":"binary-expr","locations":[{"start":{"line":16,"column":4},"end":{"line":16,"column":24}},{"start":{"line":17,"column":4},"end":{"line":17,"column":18}},{"start":{"line":18,"column":4},"end":{"line":18,"column":41}}]},"1":{"loc":{"start":{"line":20,"column":2},"end":{"line":45,"column":null}},"type":"switch","locations":[{"start":{"line":21,"column":4},"end":{"line":22,"column":23}},{"start":{"line":24,"column":4},"end":{"line":25,"column":15}},{"start":{"line":27,"column":4},"end":{"line":28,"column":15}},{"start":{"line":31,"column":4},"end":{"line":32,"column":15}},{"start":{"line":34,"column":4},"end":{"line":35,"column":15}},{"start":{"line":37,"column":4},"end":{"line":38,"column":15}},{"start":{"line":40,"column":4},"end":{"line":41,"column":15}},{"start":{"line":43,"column":4},"end":{"line":44,"column":23}}]},"2":{"loc":{"start":{"line":24,"column":9},"end":{"line":24,"column":42}},"type":"binary-expr","locations":[{"start":{"line":24,"column":9},"end":{"line":24,"column":26}},{"start":{"line":24,"column":30},"end":{"line":24,"column":42}}]},"3":{"loc":{"start":{"line":27,"column":9},"end":{"line":27,"column":41}},"type":"binary-expr","locations":[{"start":{"line":27,"column":9},"end":{"line":27,"column":26}},{"start":{"line":27,"column":30},"end":{"line":27,"column":41}}]}},"s":{"0":1,"1":1,"2":1,"3":1,"4":1,"5":0,"6":0,"7":0,"8":0,"9":0,"10":0,"11":0,"12":1},"f":{"0":1},"b":{"0":[1,0,0],"1":[1,0,0,0,0,0,0,0],"2":[0,0],"3":[0,0]}}
,"/home/user/climbox/packages/api/src/utils/constants.ts": {"path":"/home/user/climbox/packages/api/src/utils/constants.ts","statementMap":{"0":{"start":{"line":2,"column":0},"end":{"line":7,"column":null}},"1":{"start":{"line":4,"column":2},"end":{"line":4,"column":29}},"2":{"start":{"line":8,"column":13},"end":{"line":8,"column":61}},"3":{"start":{"line":9,"column":13},"end":{"line":9,"column":44}},"4":{"start":{"line":17,"column":13},"end":{"line":18,"column":57}},"5":{"start":{"line":19,"column":13},"end":{"line":19,"column":78}},"6":{"start":{"line":20,"column":13},"end":{"line":21,"column":47}},"7":{"start":{"line":22,"column":13},"end":{"line":23,"column":47}},"8":{"start":{"line":25,"column":0},"end":{"line":25,"column":null}},"9":{"start":{"line":26,"column":2},"end":{"line":26,"column":null}},"10":{"start":{"line":27,"column":2},"end":{"line":27,"column":null}},"11":{"start":{"line":28,"column":2},"end":{"line":28,"column":null}},"12":{"start":{"line":32,"column":13},"end":{"line":61,"column":2}},"13":{"start":{"line":63,"column":13},"end":{"line":63,"column":67}}},"fnMap":{"0":{"name":"(anonymous_0)","decl":{"start":{"line":25,"column":0},"end":{"line":25,"column":12}},"loc":{"start":{"line":25,"column":23},"end":{"line":29,"column":1}}}},"branchMap":{"0":{"loc":{"start":{"line":8,"column":23},"end":{"line":8,"column":60}},"type":"binary-expr","locations":[{"start":{"line":8,"column":23},"end":{"line":8,"column":43}},{"start":{"line":8,"column":47},"end":{"line":8,"column":60}}]},"1":{"loc":{"start":{"line":25,"column":12},"end":{"line":25,"column":null}},"type":"binary-expr","locations":[{"start":{"line":25,"column":12},"end":{"line":25,"column":23}},{"start":{"line":25,"column":12},"end":{"line":25,"column":null}}]}},"s":{"0":3,"1":3,"2":3,"3":3,"4":3,"5":3,"6":3,"7":3,"8":3,"9":3,"10":3,"11":3,"12":3,"13":3},"f":{"0":3},"b":{"0":[3,0],"1":[3,3]}}
,"/home/user/climbox/packages/api/src/utils/coordinates.ts": {"path":"/home/user/climbox/packages/api/src/utils/coordinates.ts","statementMap":{"0":{"start":{"line":12,"column":45},"end":{"line":12,"column":56}},"1":{"start":{"line":14,"column":19},"end":{"line":14,"column":46}},"2":{"start":{"line":15,"column":20},"end":{"line":15,"column":45}},"3":{"start":{"line":19,"column":4},"end":{"line":21,"column":34}},"4":{"start":{"line":24,"column":4},"end":{"line":24,"column":76}},"5":{"start":{"line":26,"column":20},"end":{"line":27,"column":null}},"6":{"start":{"line":29,"column":19},"end":{"line":30,"column":null}},"7":{"start":{"line":33,"column":2},"end":{"line":33,"column":33}},"8":{"start":{"line":5,"column":0},"end":{"line":5,"column":16}},"9":{"start":{"line":43,"column":34},"end":{"line":48,"column":null}},"10":{"start":{"line":52,"column":17},"end":{"line":52,"column":26}},"11":{"start":{"line":53,"column":17},"end":{"line":53,"column":34}},"12":{"start":{"line":55,"column":2},"end":{"line":55,"column":28}},"13":{"start":{"line":36,"column":0},"end":{"line":36,"column":16}},"14":{"start":{"line":58,"column":27},"end":{"line":71,"column":1}},"15":{"start":{"line":63,"column":20},"end":{"line":63,"column":43}},"16":{"start":{"line":64,"column":2},"end":{"line":70,"column":4}},"17":{"start":{"line":58,"column":13},"end":{"line":58,"column":27}}},"fnMap":{"0":{"name":"pointToIndex","decl":{"start":{"line":5,"column":16},"end":{"line":5,"column":28}},"loc":{"start":{"line":10,"column":16},"end":{"line":34,"column":1}}},"1":{"name":"pointToPixel","decl":{"start":{"line":36,"column":16},"end":{"line":36,"column":28}},"loc":{"start":{"line":41,"column":16},"end":{"line":56,"column":1}}},"2":{"name":"(anonymous_2)","decl":{"start":{"line":58,"column":27},"end":{"line":58,"column":null}},"loc":{"start":{"line":62,"column":11},"end":{"line":71,"column":1}}}},"branchMap":{"0":{"loc":{"start":{"line":19,"column":4},"end":{"line":21,"column":34}},"type":"cond-expr","locations":[{"start":{"line":20,"column":8},"end":{"line":20,"column":42}},{"start":{"line":21,"column":8},"end":{"line":21,"column":34}}]},"1":{"loc":{"start":{"line":24,"column":4},"end":{"line":24,"column":76}},"type":"cond-expr","locations":[{"start":{"line":24,"column":18},"end":{"line":24,"column":50}},{"start":{"line":24,"column":53},"end":{"line":24,"column":76}}]},"2":{"loc":{"start":{"line":61,"column":2},"end":{"line":61,"column":30}},"type":"default-arg","locations":[{"start":{"line":61,"column":29},"end":{"line":61,"column":30}}]}},"s":{"0":15,"1":15,"2":15,"3":15,"4":15,"5":15,"6":15,"7":15,"8":4,"9":15,"10":15,"11":15,"12":15,"13":4,"14":4,"15":2,"16":2,"17":4},"f":{"0":15,"1":15,"2":2},"b":{"0":[0,15],"1":[0,15],"2":[2]}}
,"/home/user/climbox/packages/api/src/utils/dates.ts": {"path":"/home/user/climbox/packages/api/src/utils/dates.ts","statementMap":{"0":{"start":{"line":1,"column":0},"end":{"line":1,"column":47}},"1":{"start":{"line":4,"column":20},"end":{"line":4,"column":48}},"2":{"start":{"line":5,"column":22},"end":{"line":5,"column":48}},"3":{"start":{"line":6,"column":2},"end":{"line":6,"column":56}},"4":{"start":{"line":3,"column":0},"end":{"line":3,"column":16}},"5":{"start":{"line":13,"column":18},"end":{"line":13,"column":50}},"6":{"start":{"line":14,"column":20},"end":{"line":16,"column":66}},"7":{"start":{"line":18,"column":2},"end":{"line":18,"column":32}},"8":{"start":{"line":12,"column":0},"end":{"line":12,"column":16}}},"fnMap":{"0":{"name":"getStartEndDate","decl":{"start":{"line":3,"column":16},"end":{"line":3,"column":31}},"loc":{"start":{"line":3,"column":65},"end":{"line":7,"column":1}}},"1":{"name":"getDefaultDates","decl":{"start":{"line":12,"column":16},"end":{"line":12,"column":31}},"loc":{"start":{"line":12,"column":60},"end":{"line":19,"column":1}}}},"branchMap":{"0":{"loc":{"start":{"line":3,"column":47},"end":{"line":3,"column":65}},"type":"default-arg","locations":[{"start":{"line":3,"column":63},"end":{"line":3,"column":65}}]},"1":{"loc":{"start":{"line":13,"column":18},"end":{"line":13,"column":50}},"type":"cond-expr","locations":[{"start":{"line":13,"column":24},"end":{"line":13,"column":37}},{"start":{"line":13,"column":40},"end":{"line":13,"column":50}}]},"2":{"loc":{"start":{"line":14,"column":20},"end":{"line":16,"column":66}},"type":"cond-expr","locations":[{"start":{"line":15,"column":6},"end":{"line":15,"column":21}},{"start":{"line":16,"column":6},"end":{"line":16,"column":66}}]}},"s":{"0":3,"1":4,"2":4,"3":4,"4":3,"5":0,"6":0,"7":0,"8":3},"f":{"0":4,"1":0},"b":{"0":[2],"1":[0,0],"2":[0,0]}}
,"/home/user/climbox/packages/api/src/utils/google-cloud.utils.ts": {"path":"/home/user/climbox/packages/api/src/utils/google-cloud.utils.ts","statementMap":{"0":{"start":{"line":1,"column":0},"end":{"line":1,"column":62}},"1":{"start":{"line":3,"column":23},"end":{"line":3,"column":34}},"2":{"start":{"line":5,"column":0},"end":{"line":5,"column":null}},"3":{"start":{"line":6,"column":2},"end":{"line":6,"column":null}},"4":{"start":{"line":7,"column":2},"end":{"line":7,"column":null}},"5":{"start":{"line":10,"column":41},"end":{"line":16,"column":1}},"6":{"start":{"line":11,"column":2},"end":{"line":13,"column":null}},"7":{"start":{"line":12,"column":4},"end":{"line":12,"column":77}},"8":{"start":{"line":15,"column":2},"end":{"line":15,"column":40}},"9":{"start":{"line":10,"column":13},"end":{"line":10,"column":41}}},"fnMap":{"0":{"name":"(anonymous_0)","decl":{"start":{"line":5,"column":0},"end":{"line":5,"column":12}},"loc":{"start":{"line":5,"column":26},"end":{"line":8,"column":1}}},"1":{"name":"(anonymous_1)","decl":{"start":{"line":10,"column":41},"end":{"line":10,"column":42}},"loc":{"start":{"line":10,"column":57},"end":{"line":16,"column":1}}}},"branchMap":{"0":{"loc":{"start":{"line":5,"column":12},"end":{"line":5,"column":null}},"type":"binary-expr","locations":[{"start":{"line":5,"column":12},"end":{"line":5,"column":26}},{"start":{"line":5,"column":12},"end":{"line":5,"column":null}}]},"1":{"loc":{"start":{"line":11,"column":2},"end":{"line":13,"column":null}},"type":"if","locations":[{"start":{"line":11,"column":2},"end":{"line":13,"column":null}}]}},"s":{"0":1,"1":1,"2":1,"3":1,"4":1,"5":1,"6":0,"7":0,"8":0,"9":1},"f":{"0":1,"1":0},"b":{"0":[1,1],"1":[0]}}
,"/home/user/climbox/packages/api/src/utils/math.ts": {"path":"/home/user/climbox/packages/api/src/utils/math.ts","statementMap":{"0":{"start":{"line":1,"column":22},"end":{"line":3,"column":1}},"1":{"start":{"line":2,"column":2},"end":{"line":2,"column":63}},"2":{"start":{"line":1,"column":13},"end":{"line":1,"column":22}},"3":{"start":{"line":5,"column":28},"end":{"line":10,"column":1}},"4":{"start":{"line":9,"column":2},"end":{"line":9,"column":74}},"5":{"start":{"line":5,"column":13},"end":{"line":5,"column":28}},"6":{"start":{"line":12,"column":32},"end":{"line":21,"column":1}},"7":{"start":{"line":17,"column":4},"end":{"line":18,"column":6}},"8":{"start":{"line":20,"column":2},"end":{"line":20,"column":45}},"9":{"start":{"line":12,"column":13},"end":{"line":12,"column":32}}},"fnMap":{"0":{"name":"(anonymous_0)","decl":{"start":{"line":1,"column":22},"end":{"line":1,"column":23}},"loc":{"start":{"line":1,"column":44},"end":{"line":3,"column":1}}},"1":{"name":"(anonymous_1)","decl":{"start":{"line":5,"column":28},"end":{"line":5,"column":null}},"loc":{"start":{"line":8,"column":4},"end":{"line":10,"column":1}}},"2":{"name":"(anonymous_2)","decl":{"start":{"line":12,"column":32},"end":{"line":12,"column":null}},"loc":{"start":{"line":15,"column":4},"end":{"line":21,"column":1}}}},"branchMap":{"0":{"loc":{"start":{"line":2,"column":9},"end":{"line":2,"column":62}},"type":"cond-expr","locations":[{"start":{"line":2,"column":30},"end":{"line":2,"column":50}},{"start":{"line":2,"column":53},"end":{"line":2,"column":62}}]},"1":{"loc":{"start":{"line":20,"column":9},"end":{"line":20,"column":44}},"type":"cond-expr","locations":[{"start":{"line":20,"column":23},"end":{"line":20,"column":29}},{"start":{"line":20,"column":32},"end":{"line":20,"column":44}}]}},"s":{"0":2,"1":0,"2":2,"3":2,"4":0,"5":2,"6":2,"7":4,"8":4,"9":2},"f":{"0":0,"1":0,"2":4},"b":{"0":[0,0],"1":[2,2]}}
,"/home/user/climbox/packages/api/src/utils/retry-axios.ts": {"path":"/home/user/climbox/packages/api/src/utils/retry-axios.ts","statementMap":{"0":{"start":{"line":1,"column":0},"end":{"line":1,"column":26}},"1":{"start":{"line":2,"column":0},"end":{"line":2,"column":37}},"2":{"start":{"line":4,"column":0},"end":{"line":4,"column":34}},"3":{"start":{"line":6,"column":0},"end":{"line":6,"column":21}}},"fnMap":{},"branchMap":{},"s":{"0":3,"1":3,"2":3,"3":3},"f":{},"b":{}}
,"/home/user/climbox/packages/api/src/utils/site.utils.ts": {"path":"/home/user/climbox/packages/api/src/utils/site.utils.ts","statementMap":{"0":{"start":{"line":1,"column":0},"end":{"line":1,"column":null}},"1":{"start":{"line":6,"column":0},"end":{"line":6,"column":null}},"2":{"start":{"line":13,"column":0},"end":{"line":13,"column":76}},"3":{"start":{"line":14,"column":0},"end":{"line":14,"column":27}},"4":{"start":{"line":19,"column":0},"end":{"line":19,"column":44}},"5":{"start":{"line":22,"column":0},"end":{"line":22,"column":63}},"6":{"start":{"line":25,"column":0},"end":{"line":25,"column":66}},"7":{"start":{"line":27,"column":0},"end":{"line":27,"column":53}},"8":{"start":{"line":29,"column":25},"end":{"line":29,"column":39}},"9":{"start":{"line":30,"column":15},"end":{"line":30,"column":39}},"10":{"start":{"line":32,"column":20},"end":{"line":52,"column":1}},"11":{"start":{"line":33,"column":29},"end":{"line":38,"column":4}},"12":{"start":{"line":40,"column":2},"end":{"line":42,"column":null}},"13":{"start":{"line":41,"column":4},"end":{"line":41,"column":21}},"14":{"start":{"line":44,"column":17},"end":{"line":49,"column":null}},"15":{"start":{"line":46,"column":29},"end":{"line":46,"column":76}},"16":{"start":{"line":46,"column":49},"end":{"line":46,"column":75}},"17":{"start":{"line":47,"column":6},"end":{"line":47,"column":42}},"18":{"start":{"line":51,"column":2},"end":{"line":51,"column":74}},"19":{"start":{"line":54,"column":31},"end":{"line":79,"column":2}},"20":{"start":{"line":57,"column":33},"end":{"line":79,"column":2}},"21":{"start":{"line":58,"column":2},"end":{"line":78,"column":7}},"22":{"start":{"line":67,"column":26},"end":{"line":67,"column":32}},"23":{"start":{"line":68,"column":6},"end":{"line":68,"column":34}},"24":{"start":{"line":71,"column":6},"end":{"line":76,"column":8}},"25":{"start":{"line":77,"column":6},"end":{"line":77,"column":23}},"26":{"start":{"line":54,"column":13},"end":{"line":54,"column":31}},"27":{"start":{"line":81,"column":25},"end":{"line":103,"column":2}},"28":{"start":{"line":85,"column":4},"end":{"line":103,"column":2}},"29":{"start":{"line":86,"column":18},"end":{"line":86,"column":60}},"30":{"start":{"line":89,"column":17},"end":{"line":91,"column":10}},"31":{"start":{"line":93,"column":2},"end":{"line":95,"column":null}},"32":{"start":{"line":94,"column":4},"end":{"line":94,"column":18}},"33":{"start":{"line":97,"column":2},"end":{"line":102,"column":16}},"34":{"start":{"line":81,"column":13},"end":{"line":81,"column":25}},"35":{"start":{"line":105,"column":28},"end":{"line":107,"column":1}},"36":{"start":{"line":106,"column":2},"end":{"line":106,"column":36}},"37":{"start":{"line":105,"column":13},"end":{"line":105,"column":28}},"38":{"start":{"line":109,"column":35},"end":{"line":117,"column":1}},"39":{"start":{"line":111,"column":2},"end":{"line":113,"column":null}},"40":{"start":{"line":112,"column":4},"end":{"line":112,"column":80}},"41":{"start":{"line":115,"column":2},"end":{"line":115,"column":52}},"42":{"start":{"line":116,"column":2},"end":{"line":116,"column":73}},"43":{"start":{"line":109,"column":13},"end":{"line":109,"column":35}},"44":{"start":{"line":119,"column":33},"end":{"line":133,"column":2}},"45":{"start":{"line":122,"column":4},"end":{"line":133,"column":2}},"46":{"start":{"line":123,"column":2},"end":{"line":125,"column":null}},"47":{"start":{"line":124,"column":4},"end":{"line":124,"column":14}},"48":{"start":{"line":127,"column":2},"end":{"line":132,"column":15}},"49":{"start":{"line":119,"column":13},"end":{"line":119,"column":33}},"50":{"start":{"line":135,"column":44},"end":{"line":148,"column":2}},"51":{"start":{"line":140,"column":4},"end":{"line":148,"column":2}},"52":{"start":{"line":141,"column":19},"end":{"line":141,"column":78}},"53":{"start":{"line":143,"column":2},"end":{"line":147,"column":4}},"54":{"start":{"line":145,"column":6},"end":{"line":146,"column":66}},"55":{"start":{"line":135,"column":13},"end":{"line":135,"column":44}},"56":{"start":{"line":150,"column":38},"end":{"line":161,"column":null}},"57":{"start":{"line":154,"column":2},"end":{"line":161,"column":null}},"58":{"start":{"line":157,"column":6},"end":{"line":161,"column":8}},"59":{"start":{"line":158,"column":25},"end":{"line":158,"column":44}},"60":{"start":{"line":160,"column":8},"end":{"line":160,"column":76}},"61":{"start":{"line":150,"column":13},"end":{"line":150,"column":38}},"62":{"start":{"line":164,"column":34},"end":{"line":175,"column":1}},"63":{"start":{"line":168,"column":2},"end":{"line":170,"column":null}},"64":{"start":{"line":169,"column":4},"end":{"line":169,"column":16}},"65":{"start":{"line":172,"column":2},"end":{"line":174,"column":4}},"66":{"start":{"line":173,"column":4},"end":{"line":173,"column":54}},"67":{"start":{"line":164,"column":13},"end":{"line":164,"column":34}},"68":{"start":{"line":184,"column":2},"end":{"line":186,"column":19}},"69":{"start":{"line":185,"column":13},"end":{"line":185,"column":29}},"70":{"start":{"line":181,"column":0},"end":{"line":181,"column":16}},"71":{"start":{"line":189,"column":23},"end":{"line":206,"column":2}},"72":{"start":{"line":194,"column":4},"end":{"line":206,"column":2}},"73":{"start":{"line":195,"column":15},"end":{"line":198,"column":null}},"74":{"start":{"line":201,"column":2},"end":{"line":203,"column":null}},"75":{"start":{"line":202,"column":4},"end":{"line":202,"column":73}},"76":{"start":{"line":205,"column":2},"end":{"line":205,"column":14}},"77":{"start":{"line":189,"column":13},"end":{"line":189,"column":23}},"78":{"start":{"line":208,"column":40},"end":{"line":222,"column":2}},"79":{"start":{"line":212,"column":4},"end":{"line":222,"column":2}},"80":{"start":{"line":213,"column":22},"end":{"line":215,"column":4}},"81":{"start":{"line":217,"column":2},"end":{"line":221,"column":null}},"82":{"start":{"line":218,"column":4},"end":{"line":220,"column":6}},"83":{"start":{"line":208,"column":13},"end":{"line":208,"column":40}},"84":{"start":{"line":224,"column":37},"end":{"line":248,"column":2}},"85":{"start":{"line":229,"column":4},"end":{"line":248,"column":2}},"86":{"start":{"line":230,"column":15},"end":{"line":230,"column":52}},"87":{"start":{"line":231,"column":22},"end":{"line":233,"column":4}},"88":{"start":{"line":235,"column":2},"end":{"line":239,"column":null}},"89":{"start":{"line":236,"column":4},"end":{"line":238,"column":6}},"90":{"start":{"line":241,"column":2},"end":{"line":245,"column":4}},"91":{"start":{"line":247,"column":2},"end":{"line":247,"column":31}},"92":{"start":{"line":224,"column":13},"end":{"line":224,"column":37}},"93":{"start":{"line":250,"column":35},"end":{"line":261,"column":2}},"94":{"start":{"line":253,"column":4},"end":{"line":261,"column":2}},"95":{"start":{"line":254,"column":15},"end":{"line":254,"column":68}},"96":{"start":{"line":256,"column":2},"end":{"line":258,"column":null}},"97":{"start":{"line":257,"column":4},"end":{"line":257,"column":77}},"98":{"start":{"line":260,"column":2},"end":{"line":260,"column":14}},"99":{"start":{"line":250,"column":13},"end":{"line":250,"column":35}},"100":{"start":{"line":263,"column":35},"end":{"line":281,"column":2}},"101":{"start":{"line":265,"column":26},"end":{"line":281,"column":2}},"102":{"start":{"line":268,"column":8},"end":{"line":273,"column":17}},"103":{"start":{"line":275,"column":25},"end":{"line":275,"column":42}},"104":{"start":{"line":276,"column":2},"end":{"line":278,"column":5}},"105":{"start":{"line":277,"column":4},"end":{"line":277,"column":35}},"106":{"start":{"line":280,"column":2},"end":{"line":280,"column":24}},"107":{"start":{"line":263,"column":13},"end":{"line":263,"column":35}},"108":{"start":{"line":283,"column":43},"end":{"line":327,"column":2}},"109":{"start":{"line":285,"column":36},"end":{"line":327,"column":2}},"110":{"start":{"line":286,"column":35},"end":{"line":292,"column":17}},"111":{"start":{"line":294,"column":23},"end":{"line":300,"column":4}},"112":{"start":{"line":302,"column":30},"end":{"line":302,"column":57}},"113":{"start":{"line":304,"column":2},"end":{"line":324,"column":4}},"114":{"start":{"line":304,"column":44},"end":{"line":304,"column":52}},"115":{"start":{"line":306,"column":30},"end":{"line":306,"column":31}},"116":{"start":{"line":307,"column":17},"end":{"line":307,"column":31}},"117":{"start":{"line":308,"column":6},"end":{"line":308,"column":38}},"118":{"start":{"line":309,"column":6},"end":{"line":322,"column":9}},"119":{"start":{"line":310,"column":8},"end":{"line":313,"column":null}},"120":{"start":{"line":312,"column":10},"end":{"line":312,"column":51}},"121":{"start":{"line":314,"column":8},"end":{"line":321,"column":null}},"122":{"start":{"line":316,"column":10},"end":{"line":316,"column":33}},"123":{"start":{"line":317,"column":10},"end":{"line":320,"column":null}},"124":{"start":{"line":319,"column":12},"end":{"line":319,"column":55}},"125":{"start":{"line":326,"column":2},"end":{"line":326,"column":29}},"126":{"start":{"line":283,"column":13},"end":{"line":283,"column":43}},"127":{"start":{"line":333,"column":40},"end":{"line":371,"column":2}},"128":{"start":{"line":337,"column":4},"end":{"line":371,"column":2}},"129":{"start":{"line":339,"column":4},"end":{"line":346,"column":19}},"130":{"start":{"line":349,"column":4},"end":{"line":356,"column":19}},"131":{"start":{"line":359,"column":4},"end":{"line":364,"column":19}},"132":{"start":{"line":366,"column":2},"end":{"line":370,"column":4}},"133":{"start":{"line":333,"column":13},"end":{"line":333,"column":40}},"134":{"start":{"line":373,"column":29},"end":{"line":380,"column":2}},"135":{"start":{"line":376,"column":27},"end":{"line":380,"column":2}},"136":{"start":{"line":377,"column":2},"end":{"line":379,"column":5}},"137":{"start":{"line":373,"column":13},"end":{"line":373,"column":29}},"138":{"start":{"line":382,"column":26},"end":{"line":430,"column":2}},"139":{"start":{"line":390,"column":19},"end":{"line":430,"column":2}},"140":{"start":{"line":391,"column":17},"end":{"line":391,"column":71}},"141":{"start":{"line":392,"column":25},"end":{"line":392,"column":58}},"142":{"start":{"line":393,"column":33},"end":{"line":395,"column":null}},"143":{"start":{"line":397,"column":20},"end":{"line":397,"column":65}},"144":{"start":{"line":398,"column":15},"end":{"line":408,"column":31}},"145":{"start":{"line":410,"column":2},"end":{"line":414,"column":null}},"146":{"start":{"line":411,"column":4},"end":{"line":413,"column":6}},"147":{"start":{"line":416,"column":2},"end":{"line":427,"column":4}},"148":{"start":{"line":417,"column":64},"end":{"line":426,"column":6}},"149":{"start":{"line":418,"column":6},"end":{"line":425,"column":8}},"150":{"start":{"line":429,"column":2},"end":{"line":429,"column":14}},"151":{"start":{"line":382,"column":13},"end":{"line":382,"column":26}}},"fnMap":{"0":{"name":"(anonymous_8)","decl":{"start":{"line":32,"column":20},"end":{"line":32,"column":21}},"loc":{"start":{"line":32,"column":49},"end":{"line":52,"column":1}}},"1":{"name":"(anonymous_9)","decl":{"start":{"line":45,"column":4},"end":{"line":45,"column":5}},"loc":{"start":{"line":45,"column":56},"end":{"line":48,"column":5}}},"2":{"name":"(anonymous_10)","decl":{"start":{"line":46,"column":42},"end":{"line":46,"column":43}},"loc":{"start":{"line":46,"column":49},"end":{"line":46,"column":75}}},"3":{"name":"(anonymous_11)","decl":{"start":{"line":54,"column":31},"end":{"line":54,"column":null}},"loc":{"start":{"line":57,"column":33},"end":{"line":79,"column":2}}},"4":{"name":"(anonymous_12)","decl":{"start":{"line":57,"column":33},"end":{"line":57,"column":null}},"loc":{"start":{"line":57,"column":33},"end":{"line":79,"column":1}}},"5":{"name":"(anonymous_13)","decl":{"start":{"line":66,"column":10},"end":{"line":66,"column":11}},"loc":{"start":{"line":66,"column":16},"end":{"line":69,"column":5}}},"6":{"name":"(anonymous_14)","decl":{"start":{"line":70,"column":11},"end":{"line":70,"column":12}},"loc":{"start":{"line":70,"column":17},"end":{"line":78,"column":5}}},"7":{"name":"(anonymous_15)","decl":{"start":{"line":81,"column":25},"end":{"line":81,"column":null}},"loc":{"start":{"line":85,"column":4},"end":{"line":103,"column":2}}},"8":{"name":"(anonymous_16)","decl":{"start":{"line":85,"column":4},"end":{"line":85,"column":null}},"loc":{"start":{"line":85,"column":4},"end":{"line":103,"column":1}}},"9":{"name":"(anonymous_17)","decl":{"start":{"line":105,"column":28},"end":{"line":105,"column":29}},"loc":{"start":{"line":105,"column":68},"end":{"line":107,"column":1}}},"10":{"name":"(anonymous_18)","decl":{"start":{"line":109,"column":35},"end":{"line":109,"column":36}},"loc":{"start":{"line":109,"column":43},"end":{"line":117,"column":1}}},"11":{"name":"(anonymous_19)","decl":{"start":{"line":119,"column":33},"end":{"line":119,"column":null}},"loc":{"start":{"line":122,"column":4},"end":{"line":133,"column":2}}},"12":{"name":"(anonymous_20)","decl":{"start":{"line":122,"column":4},"end":{"line":122,"column":null}},"loc":{"start":{"line":122,"column":4},"end":{"line":133,"column":1}}},"13":{"name":"(anonymous_21)","decl":{"start":{"line":135,"column":44},"end":{"line":135,"column":null}},"loc":{"start":{"line":140,"column":4},"end":{"line":148,"column":2}}},"14":{"name":"(anonymous_22)","decl":{"start":{"line":140,"column":4},"end":{"line":140,"column":null}},"loc":{"start":{"line":140,"column":4},"end":{"line":148,"column":1}}},"15":{"name":"(anonymous_23)","decl":{"start":{"line":144,"column":4},"end":{"line":144,"column":5}},"loc":{"start":{"line":145,"column":6},"end":{"line":146,"column":66}}},"16":{"name":"(anonymous_24)","decl":{"start":{"line":150,"column":38},"end":{"line":150,"column":null}},"loc":{"start":{"line":154,"column":2},"end":{"line":161,"column":null}}},"17":{"name":"(anonymous_25)","decl":{"start":{"line":155,"column":4},"end":{"line":155,"column":5}},"loc":{"start":{"line":157,"column":6},"end":{"line":161,"column":8}}},"18":{"name":"(anonymous_26)","decl":{"start":{"line":157,"column":28},"end":{"line":157,"column":29}},"loc":{"start":{"line":157,"column":55},"end":{"line":161,"column":7}}},"19":{"name":"(anonymous_27)","decl":{"start":{"line":164,"column":34},"end":{"line":164,"column":null}},"loc":{"start":{"line":167,"column":4},"end":{"line":175,"column":1}}},"20":{"name":"(anonymous_28)","decl":{"start":{"line":172,"column":25},"end":{"line":172,"column":26}},"loc":{"start":{"line":173,"column":4},"end":{"line":173,"column":54}}},"21":{"name":"getAllColumns","decl":{"start":{"line":181,"column":16},"end":{"line":181,"column":29}},"loc":{"start":{"line":182,"column":27},"end":{"line":187,"column":1}}},"22":{"name":"(anonymous_30)","decl":{"start":{"line":185,"column":4},"end":{"line":185,"column":5}},"loc":{"start":{"line":185,"column":13},"end":{"line":185,"column":29}}},"23":{"name":"(anonymous_31)","decl":{"start":{"line":189,"column":23},"end":{"line":189,"column":null}},"loc":{"start":{"line":194,"column":4},"end":{"line":206,"column":2}}},"24":{"name":"(anonymous_32)","decl":{"start":{"line":194,"column":4},"end":{"line":194,"column":null}},"loc":{"start":{"line":194,"column":4},"end":{"line":206,"column":1}}},"25":{"name":"(anonymous_33)","decl":{"start":{"line":208,"column":40},"end":{"line":208,"column":null}},"loc":{"start":{"line":212,"column":4},"end":{"line":222,"column":2}}},"26":{"name":"(anonymous_34)","decl":{"start":{"line":212,"column":4},"end":{"line":212,"column":null}},"loc":{"start":{"line":212,"column":4},"end":{"line":222,"column":1}}},"27":{"name":"(anonymous_35)","decl":{"start":{"line":224,"column":37},"end":{"line":224,"column":null}},"loc":{"start":{"line":229,"column":4},"end":{"line":248,"column":2}}},"28":{"name":"(anonymous_36)","decl":{"start":{"line":229,"column":4},"end":{"line":229,"column":null}},"loc":{"start":{"line":229,"column":4},"end":{"line":248,"column":1}}},"29":{"name":"(anonymous_37)","decl":{"start":{"line":250,"column":35},"end":{"line":250,"column":null}},"loc":{"start":{"line":253,"column":4},"end":{"line":261,"column":2}}},"30":{"name":"(anonymous_38)","decl":{"start":{"line":253,"column":4},"end":{"line":253,"column":null}},"loc":{"start":{"line":253,"column":4},"end":{"line":261,"column":1}}},"31":{"name":"(anonymous_39)","decl":{"start":{"line":263,"column":35},"end":{"line":263,"column":null}},"loc":{"start":{"line":265,"column":26},"end":{"line":281,"column":2}}},"32":{"name":"(anonymous_40)","decl":{"start":{"line":265,"column":26},"end":{"line":265,"column":null}},"loc":{"start":{"line":265,"column":26},"end":{"line":281,"column":1}}},"33":{"name":"(anonymous_41)","decl":{"start":{"line":276,"column":22},"end":{"line":276,"column":23}},"loc":{"start":{"line":276,"column":30},"end":{"line":278,"column":3}}},"34":{"name":"(anonymous_42)","decl":{"start":{"line":283,"column":43},"end":{"line":283,"column":null}},"loc":{"start":{"line":285,"column":36},"end":{"line":327,"column":2}}},"35":{"name":"(anonymous_43)","decl":{"start":{"line":285,"column":36},"end":{"line":285,"column":null}},"loc":{"start":{"line":285,"column":36},"end":{"line":327,"column":1}}},"36":{"name":"(anonymous_44)","decl":{"start":{"line":304,"column":37},"end":{"line":304,"column":38}},"loc":{"start":{"line":304,"column":44},"end":{"line":304,"column":52}}},"37":{"name":"(anonymous_45)","decl":{"start":{"line":305,"column":4},"end":{"line":305,"column":5}},"loc":{"start":{"line":305,"column":23},"end":{"line":323,"column":5}}},"38":{"name":"(anonymous_46)","decl":{"start":{"line":309,"column":19},"end":{"line":309,"column":20}},"loc":{"start":{"line":309,"column":32},"end":{"line":322,"column":7}}},"39":{"name":"(anonymous_47)","decl":{"start":{"line":333,"column":40},"end":{"line":333,"column":null}},"loc":{"start":{"line":337,"column":4},"end":{"line":371,"column":2}}},"40":{"name":"(anonymous_48)","decl":{"start":{"line":337,"column":4},"end":{"line":337,"column":null}},"loc":{"start":{"line":337,"column":4},"end":{"line":371,"column":1}}},"41":{"name":"(anonymous_49)","decl":{"start":{"line":373,"column":29},"end":{"line":373,"column":null}},"loc":{"start":{"line":376,"column":27},"end":{"line":380,"column":2}}},"42":{"name":"(anonymous_50)","decl":{"start":{"line":376,"column":27},"end":{"line":376,"column":null}},"loc":{"start":{"line":376,"column":27},"end":{"line":380,"column":1}}},"43":{"name":"(anonymous_51)","decl":{"start":{"line":382,"column":26},"end":{"line":382,"column":null}},"loc":{"start":{"line":390,"column":19},"end":{"line":430,"column":2}}},"44":{"name":"(anonymous_52)","decl":{"start":{"line":390,"column":19},"end":{"line":390,"column":null}},"loc":{"start":{"line":390,"column":19},"end":{"line":430,"column":1}}},"45":{"name":"(anonymous_53)","decl":{"start":{"line":417,"column":31},"end":{"line":417,"column":38}},"loc":{"start":{"line":417,"column":64},"end":{"line":426,"column":6}}},"46":{"name":"(anonymous_54)","decl":{"start":{"line":417,"column":64},"end":{"line":417,"column":null}},"loc":{"start":{"line":417,"column":64},"end":{"line":426,"column":5}}}},"branchMap":{"0":{"loc":{"start":{"line":40,"column":2},"end":{"line":42,"column":null}},"type":"if","locations":[{"start":{"line":40,"column":2},"end":{"line":42,"column":null}}]},"1":{"loc":{"start":{"line":47,"column":13},"end":{"line":47,"column":41}},"type":"binary-expr","locations":[{"start":{"line":47,"column":13},"end":{"line":47,"column":23}},{"start":{"line":47,"column":27},"end":{"line":47,"column":41}}]},"2":{"loc":{"start":{"line":51,"column":9},"end":{"line":51,"column":73}},"type":"cond-expr","locations":[{"start":{"line":51,"column":18},"end":{"line":51,"column":42}},{"start":{"line":51,"column":45},"end":{"line":51,"column":73}}]},"3":{"loc":{"start":{"line":63,"column":13},"end":{"line":63,"column":50}},"type":"binary-expr","locations":[{"start":{"line":63,"column":13},"end":{"line":63,"column":44}},{"start":{"line":63,"column":48},"end":{"line":63,"column":50}}]},"4":{"loc":{"start":{"line":72,"column":8},"end":{"line":74,"column":40}},"type":"cond-expr","locations":[{"start":{"line":73,"column":12},"end":{"line":73,"column":41}},{"start":{"line":74,"column":12},"end":{"line":74,"column":40}}]},"5":{"loc":{"start":{"line":89,"column":17},"end":{"line":91,"column":10}},"type":"cond-expr","locations":[{"start":{"line":90,"column":6},"end":{"line":90,"column":66}},{"start":{"line":91,"column":6},"end":{"line":91,"column":10}}]},"6":{"loc":{"start":{"line":93,"column":2},"end":{"line":95,"column":null}},"type":"if","locations":[{"start":{"line":93,"column":2},"end":{"line":95,"column":null}}]},"7":{"loc":{"start":{"line":97,"column":9},"end":{"line":102,"column":15}},"type":"cond-expr","locations":[{"start":{"line":98,"column":6},"end":{"line":101,"column":8}},{"start":{"line":102,"column":6},"end":{"line":102,"column":15}}]},"8":{"loc":{"start":{"line":111,"column":2},"end":{"line":113,"column":null}},"type":"if","locations":[{"start":{"line":111,"column":2},"end":{"line":113,"column":null}}]},"9":{"loc":{"start":{"line":123,"column":2},"end":{"line":125,"column":null}},"type":"if","locations":[{"start":{"line":123,"column":2},"end":{"line":125,"column":null}}]},"10":{"loc":{"start":{"line":145,"column":6},"end":{"line":146,"column":66}},"type":"binary-expr","locations":[{"start":{"line":145,"column":6},"end":{"line":145,"column":36}},{"start":{"line":146,"column":7},"end":{"line":146,"column":31}},{"start":{"line":146,"column":35},"end":{"line":146,"column":65}}]},"11":{"loc":{"start":{"line":154,"column":2},"end":{"line":161,"column":null}},"type":"cond-expr","locations":[{"start":{"line":154,"column":12},"end":{"line":154,"column":14}},{"start":{"line":154,"column":2},"end":{"line":161,"column":null}}]},"12":{"loc":{"start":{"line":154,"column":2},"end":{"line":154,"column":14}},"type":"binary-expr","locations":[{"start":{"line":154,"column":2},"end":{"line":154,"column":14}},{"start":{"line":154,"column":2},"end":{"line":154,"column":14}}]},"13":{"loc":{"start":{"line":160,"column":15},"end":{"line":160,"column":75}},"type":"binary-expr","locations":[{"start":{"line":160,"column":15},"end":{"line":160,"column":34}},{"start":{"line":160,"column":39},"end":{"line":160,"column":49}},{"start":{"line":160,"column":53},"end":{"line":160,"column":74}}]},"14":{"loc":{"start":{"line":168,"column":2},"end":{"line":170,"column":null}},"type":"if","locations":[{"start":{"line":168,"column":2},"end":{"line":170,"column":null}}]},"15":{"loc":{"start":{"line":193,"column":2},"end":{"line":193,"column":29}},"type":"default-arg","locations":[{"start":{"line":193,"column":24},"end":{"line":193,"column":29}}]},"16":{"loc":{"start":{"line":198,"column":8},"end":{"line":198,"column":67}},"type":"cond-expr","locations":[{"start":{"line":198,"column":21},"end":{"line":198,"column":62}},{"start":{"line":198,"column":65},"end":{"line":198,"column":67}}]},"17":{"loc":{"start":{"line":201,"column":2},"end":{"line":203,"column":null}},"type":"if","locations":[{"start":{"line":201,"column":2},"end":{"line":203,"column":null}}]},"18":{"loc":{"start":{"line":217,"column":2},"end":{"line":221,"column":null}},"type":"if","locations":[{"start":{"line":217,"column":2},"end":{"line":221,"column":null}}]},"19":{"loc":{"start":{"line":217,"column":6},"end":{"line":217,"column":37}},"type":"cond-expr","locations":[{"start":{"line":217,"column":25},"end":{"line":217,"column":27}},{"start":{"line":217,"column":25},"end":{"line":217,"column":37}}]},"20":{"loc":{"start":{"line":217,"column":6},"end":{"line":217,"column":27}},"type":"binary-expr","locations":[{"start":{"line":217,"column":6},"end":{"line":217,"column":27}},{"start":{"line":217,"column":25},"end":{"line":217,"column":27}}]},"21":{"loc":{"start":{"line":217,"column":6},"end":{"line":217,"column":25}},"type":"cond-expr","locations":[{"start":{"line":217,"column":17},"end":{"line":217,"column":19}},{"start":{"line":217,"column":6},"end":{"line":217,"column":25}}]},"22":{"loc":{"start":{"line":217,"column":6},"end":{"line":217,"column":19}},"type":"binary-expr","locations":[{"start":{"line":217,"column":6},"end":{"line":217,"column":19}},{"start":{"line":217,"column":6},"end":{"line":217,"column":19}}]},"23":{"loc":{"start":{"line":219,"column":30},"end":{"line":219,"column":45}},"type":"cond-expr","locations":[{"start":{"line":219,"column":41},"end":{"line":219,"column":43}},{"start":{"line":219,"column":30},"end":{"line":219,"column":45}}]},"24":{"loc":{"start":{"line":219,"column":30},"end":{"line":219,"column":43}},"type":"binary-expr","locations":[{"start":{"line":219,"column":30},"end":{"line":219,"column":43}},{"start":{"line":219,"column":30},"end":{"line":219,"column":43}}]},"25":{"loc":{"start":{"line":235,"column":2},"end":{"line":239,"column":null}},"type":"if","locations":[{"start":{"line":235,"column":2},"end":{"line":239,"column":null}}]},"26":{"loc":{"start":{"line":256,"column":2},"end":{"line":258,"column":null}},"type":"if","locations":[{"start":{"line":256,"column":2},"end":{"line":258,"column":null}}]},"27":{"loc":{"start":{"line":310,"column":8},"end":{"line":313,"column":null}},"type":"if","locations":[{"start":{"line":310,"column":8},"end":{"line":313,"column":null}}]},"28":{"loc":{"start":{"line":314,"column":8},"end":{"line":321,"column":null}},"type":"if","locations":[{"start":{"line":314,"column":8},"end":{"line":321,"column":null}}]},"29":{"loc":{"start":{"line":317,"column":10},"end":{"line":320,"column":null}},"type":"if","locations":[{"start":{"line":317,"column":10},"end":{"line":320,"column":null}}]},"30":{"loc":{"start":{"line":410,"column":2},"end":{"line":414,"column":null}},"type":"if","locations":[{"start":{"line":410,"column":2},"end":{"line":414,"column":null}}]},"31":{"loc":{"start":{"line":419,"column":8},"end":{"line":424,"column":10}},"type":"binary-expr","locations":[{"start":{"line":419,"column":8},"end":{"line":419,"column":19}},{"start":{"line":420,"column":8},"end":{"line":424,"column":10}}]}},"s":{"0":2,"1":2,"2":2,"3":2,"4":2,"5":2,"6":2,"7":2,"8":2,"9":2,"10":2,"11":0,"12":0,"13":0,"14":0,"15":0,"16":0,"17":0,"18":0,"19":2,"20":0,"21":0,"22":0,"23":0,"24":0,"25":0,"26":2,"27":2,"28":0,"29":0,"30":0,"31":0,"32":0,"33":0,"34":2,"35":2,"36":0,"37":2,"38":2,"39":0,"40":0,"41":0,"42":0,"43":2,"44":2,"45":0,"46":0,"47":0,"48":0,"49":2,"50":2,"51":0,"52":0,"53":0,"54":0,"55":2,"56":2,"57":0,"58":0,"59":0,"60":0,"61":2,"62":2,"63":0,"64":0,"65":0,"66":0,"67":2,"68":0,"69":0,"70":2,"71":2,"72":0,"73":0,"74":0,"75":0,"76":0,"77":2,"78":2,"79":0,"80":0,"81":0,"82":0,"83":2,"84":2,"85":0,"86":0,"87":0,"88":0,"89":0,"90":0,"91":0,"92":2,"93":2,"94":0,"95":0,"96":0,"97":0,"98":0,"99":2,"100":2,"101":0,"102":0,"103":0,"104":0,"105":0,"106":0,"107":2,"108":2,"109":0,"110":0,"111":0,"112":0,"113":0,"114":0,"115":0,"116":0,"117":0,"118":0,"119":0,"120":0,"121":0,"122":0,"123":0,"124":0,"125":0,"126":2,"127":2,"128":0,"129":0,"130":0,"131":0,"132":0,"133":2,"134":2,"135":0,"136":0,"137":2,"138":2,"139":0,"140":0,"141":0,"142":0,"143":0,"144":0,"145":0,"146":0,"147":0,"148":0,"149":0,"150":0,"151":2},"f":{"0":0,"1":0,"2":0,"3":0,"4":0,"5":0,"6":0,"7":0,"8":0,"9":0,"10":0,"11":0,"12":0,"13":0,"14":0,"15":0,"16":0,"17":0,"18":0,"19":0,"20":0,"21":0,"22":0,"23":0,"24":0,"25":0,"26":0,"27":0,"28":0,"29":0,"30":0,"31":0,"32":0,"33":0,"34":0,"35":0,"36":0,"37":0,"38":0,"39":0,"40":0,"41":0,"42":0,"43":0,"44":0,"45":0,"46":0},"b":{"0":[0],"1":[0,0],"2":[0,0],"3":[0,0],"4":[0,0],"5":[0,0],"6":[0],"7":[0,0],"8":[0],"9":[0],"10":[0,0,0],"11":[0,0],"12":[0,0],"13":[0,0,0],"14":[0],"15":[0],"16":[0,0],"17":[0],"18":[0],"19":[0,0],"20":[0,0],"21":[0,0],"22":[0,0],"23":[0,0],"24":[0,0],"25":[0],"26":[0],"27":[0],"28":[0],"29":[0],"30":[0],"31":[0,0]}}
,"/home/user/climbox/packages/api/src/utils/slack.utils.ts": {"path":"/home/user/climbox/packages/api/src/utils/slack.utils.ts","statementMap":{"0":{"start":{"line":1,"column":0},"end":{"line":1,"column":40}},"1":{"start":{"line":2,"column":0},"end":{"line":2,"column":26}},"2":{"start":{"line":4,"column":15},"end":{"line":4,"column":39}},"3":{"start":{"line":25,"column":32},"end":{"line":46,"column":2}},"4":{"start":{"line":28,"column":4},"end":{"line":46,"column":2}},"5":{"start":{"line":29,"column":14},"end":{"line":36,"column":null}},"6":{"start":{"line":39,"column":19},"end":{"line":39,"column":22}},"7":{"start":{"line":41,"column":2},"end":{"line":45,"column":null}},"8":{"start":{"line":42,"column":4},"end":{"line":44,"column":6}},"9":{"start":{"line":25,"column":13},"end":{"line":25,"column":32}}},"fnMap":{"0":{"name":"(anonymous_8)","decl":{"start":{"line":25,"column":32},"end":{"line":25,"column":null}},"loc":{"start":{"line":28,"column":4},"end":{"line":46,"column":2}}},"1":{"name":"(anonymous_9)","decl":{"start":{"line":28,"column":4},"end":{"line":28,"column":null}},"loc":{"start":{"line":28,"column":4},"end":{"line":46,"column":1}}}},"branchMap":{"0":{"loc":{"start":{"line":41,"column":2},"end":{"line":45,"column":null}},"type":"if","locations":[{"start":{"line":41,"column":2},"end":{"line":45,"column":null}}]}},"s":{"0":3,"1":3,"2":3,"3":3,"4":1,"5":1,"6":1,"7":1,"8":1,"9":3},"f":{"0":1,"1":1},"b":{"0":[1]}}
,"/home/user/climbox/packages/api/src/utils/sofar-availability-points.ts": {"path":"/home/user/climbox/packages/api/src/utils/sofar-availability-points.ts","statementMap":{"0":{"start":{"line":1,"column":15},"end":{"line":2,"column":null}},"1":{"start":{"line":4,"column":0},"end":{"line":4,"column":22}}},"fnMap":{},"branchMap":{},"s":{"0":1,"1":1},"f":{},"b":{}}
,"/home/user/climbox/packages/api/src/utils/sofar-availability.ts": {"path":"/home/user/climbox/packages/api/src/utils/sofar-availability.ts","statementMap":{"0":{"start":{"line":2,"column":0},"end":{"line":2,"column":65}},"1":{"start":{"line":3,"column":0},"end":{"line":3,"column":61}},"2":{"start":{"line":5,"column":13},"end":{"line":14,"column":2}},"3":{"start":{"line":7,"column":52},"end":{"line":13,"column":4}},"4":{"start":{"line":18,"column":32},"end":{"line":19,"column":16}},"5":{"start":{"line":21,"column":24},"end":{"line":49,"column":4}},"6":{"start":{"line":51,"column":27},"end":{"line":51,"column":44}},"7":{"start":{"line":53,"column":2},"end":{"line":55,"column":28}},"8":{"start":{"line":16,"column":0},"end":{"line":16,"column":16}}},"fnMap":{"0":{"name":"(anonymous_1)","decl":{"start":{"line":7,"column":35},"end":{"line":7,"column":36}},"loc":{"start":{"line":7,"column":52},"end":{"line":13,"column":4}}},"1":{"name":"getSofarNearestAvailablePoint","decl":{"start":{"line":16,"column":16},"end":{"line":16,"column":45}},"loc":{"start":{"line":16,"column":58},"end":{"line":56,"column":1}}}},"branchMap":{"0":{"loc":{"start":{"line":53,"column":9},"end":{"line":55,"column":27}},"type":"cond-expr","locations":[{"start":{"line":54,"column":7},"end":{"line":54,"column":44}},{"start":{"line":55,"column":6},"end":{"line":55,"column":27}}]}},"s":{"0":1,"1":1,"2":1,"3":156635,"4":2,"5":2,"6":2,"7":2,"8":1},"f":{"0":156635,"1":2},"b":{"0":[1,1]}}
,"/home/user/climbox/packages/api/src/utils/sofar.ts": {"path":"/home/user/climbox/packages/api/src/utils/sofar.ts","statementMap":{"0":{"start":{"line":3,"column":0},"end":{"line":3,"column":31}},"1":{"start":{"line":4,"column":0},"end":{"line":4,"column":47}},"2":{"start":{"line":5,"column":0},"end":{"line":5,"column":34}},"3":{"start":{"line":6,"column":0},"end":{"line":6,"column":42}},"4":{"start":{"line":7,"column":0},"end":{"line":7,"column":null}},"5":{"start":{"line":13,"column":0},"end":{"line":13,"column":null}},"6":{"start":{"line":20,"column":0},"end":{"line":20,"column":63}},"7":{"start":{"line":22,"column":29},"end":{"line":34,"column":1}},"8":{"start":{"line":25,"column":2},"end":{"line":27,"column":null}},"9":{"start":{"line":26,"column":4},"end":{"line":26,"column":21}},"10":{"start":{"line":29,"column":2},"end":{"line":33,"column":4}},"11":{"start":{"line":31,"column":6},"end":{"line":31,"column":71}},"12":{"start":{"line":22,"column":13},"end":{"line":22,"column":29}},"13":{"start":{"line":36,"column":35},"end":{"line":45,"column":1}},"14":{"start":{"line":37,"column":2},"end":{"line":44,"column":28}},"15":{"start":{"line":41,"column":12},"end":{"line":41,"column":54}},"16":{"start":{"line":36,"column":13},"end":{"line":36,"column":35}},"17":{"start":{"line":56,"column":2},"end":{"line":78,"column":null}},"18":{"start":{"line":57,"column":31},"end":{"line":57,"column":74}},"19":{"start":{"line":58,"column":20},"end":{"line":58,"column":133}},"20":{"start":{"line":59,"column":4},"end":{"line":59,"column":27}},"21":{"start":{"line":61,"column":4},"end":{"line":63,"column":null}},"22":{"start":{"line":62,"column":6},"end":{"line":62,"column":13}},"23":{"start":{"line":64,"column":4},"end":{"line":75,"column":null}},"24":{"start":{"line":65,"column":44},"end":{"line":69,"column":8}},"25":{"start":{"line":71,"column":6},"end":{"line":74,"column":8}},"26":{"start":{"line":77,"column":4},"end":{"line":77,"column":74}},"27":{"start":{"line":89,"column":2},"end":{"line":110,"column":52}},"28":{"start":{"line":102,"column":6},"end":{"line":107,"column":null}},"29":{"start":{"line":103,"column":8},"end":{"line":105,"column":10}},"30":{"start":{"line":106,"column":8},"end":{"line":106,"column":25}},"31":{"start":{"line":108,"column":6},"end":{"line":108,"column":68}},"32":{"start":{"line":110,"column":22},"end":{"line":110,"column":50}},"33":{"start":{"line":81,"column":0},"end":{"line":81,"column":22}},"34":{"start":{"line":119,"column":2},"end":{"line":131,"column":6}},"35":{"start":{"line":128,"column":24},"end":{"line":128,"column":37}},"36":{"start":{"line":130,"column":6},"end":{"line":130,"column":63}},"37":{"start":{"line":113,"column":0},"end":{"line":113,"column":16}},"38":{"start":{"line":140,"column":2},"end":{"line":154,"column":62}},"39":{"start":{"line":153,"column":24},"end":{"line":153,"column":72}},"40":{"start":{"line":154,"column":22},"end":{"line":154,"column":60}},"41":{"start":{"line":134,"column":0},"end":{"line":134,"column":16}},"42":{"start":{"line":164,"column":2},"end":{"line":174,"column":6}},"43":{"start":{"line":171,"column":24},"end":{"line":171,"column":42}},"44":{"start":{"line":173,"column":6},"end":{"line":173,"column":63}},"45":{"start":{"line":157,"column":0},"end":{"line":157,"column":22}},"46":{"start":{"line":185,"column":23},"end":{"line":185,"column":54}},"47":{"start":{"line":188,"column":28},"end":{"line":194,"column":null}},"48":{"start":{"line":201,"column":2},"end":{"line":201,"column":48}},"49":{"start":{"line":177,"column":0},"end":{"line":177,"column":22}},"50":{"start":{"line":210,"column":2},"end":{"line":210,"column":56}},"51":{"start":{"line":212,"column":4},"end":{"line":217,"column":10}},"52":{"start":{"line":221,"column":6},"end":{"line":223,"column":4}},"53":{"start":{"line":224,"column":37},"end":{"line":229,"column":20}},"54":{"start":{"line":231,"column":56},"end":{"line":235,"column":null}},"55":{"start":{"line":232,"column":12},"end":{"line":235,"column":6}},"56":{"start":{"line":244,"column":6},"end":{"line":284,"column":null}},"57":{"start":{"line":255,"column":6},"end":{"line":276,"column":8}},"58":{"start":{"line":287,"column":47},"end":{"line":300,"column":null}},"59":{"start":{"line":289,"column":6},"end":{"line":298,"column":8}},"60":{"start":{"line":303,"column":52},"end":{"line":307,"column":null}},"61":{"start":{"line":304,"column":15},"end":{"line":307,"column":6}},"62":{"start":{"line":310,"column":35},"end":{"line":310,"column":73}},"63":{"start":{"line":318,"column":6},"end":{"line":356,"column":null}},"64":{"start":{"line":320,"column":54},"end":{"line":320,"column":58}},"65":{"start":{"line":322,"column":6},"end":{"line":331,"column":null}},"66":{"start":{"line":323,"column":8},"end":{"line":330,"column":10}},"67":{"start":{"line":332,"column":6},"end":{"line":341,"column":null}},"68":{"start":{"line":333,"column":8},"end":{"line":340,"column":10}},"69":{"start":{"line":342,"column":6},"end":{"line":352,"column":null}},"70":{"start":{"line":343,"column":8},"end":{"line":351,"column":10}},"71":{"start":{"line":354,"column":6},"end":{"line":354,"column":51}},"72":{"start":{"line":359,"column":2},"end":{"line":359,"column":59}},"73":{"start":{"line":361,"column":2},"end":{"line":379,"column":4}},"74":{"start":{"line":362,"column":57},"end":{"line":362,"column":75}},"75":{"start":{"line":364,"column":16},"end":{"line":364,"column":34}},"76":{"start":{"line":372,"column":58},"end":{"line":372,"column":76}},"77":{"start":{"line":204,"column":0},"end":{"line":204,"column":22}},"78":{"start":{"line":387,"column":19},"end":{"line":388,"column":63}},"79":{"start":{"line":388,"column":4},"end":{"line":388,"column":63}},"80":{"start":{"line":390,"column":2},"end":{"line":394,"column":10}},"81":{"start":{"line":391,"column":4},"end":{"line":393,"column":19}},"82":{"start":{"line":383,"column":0},"end":{"line":383,"column":16}},"83":{"start":{"line":398,"column":27},"end":{"line":398,"column":54}},"84":{"start":{"line":400,"column":4},"end":{"line":402,"column":17}},"85":{"start":{"line":404,"column":59},"end":{"line":409,"column":10}},"86":{"start":{"line":411,"column":2},"end":{"line":411,"column":31}},"87":{"start":{"line":397,"column":0},"end":{"line":397,"column":16}}},"fnMap":{"0":{"name":"(anonymous_8)","decl":{"start":{"line":22,"column":29},"end":{"line":22,"column":null}},"loc":{"start":{"line":24,"column":36},"end":{"line":34,"column":1}}},"1":{"name":"(anonymous_9)","decl":{"start":{"line":30,"column":4},"end":{"line":30,"column":5}},"loc":{"start":{"line":31,"column":6},"end":{"line":31,"column":71}}},"2":{"name":"(anonymous_10)","decl":{"start":{"line":36,"column":35},"end":{"line":36,"column":36}},"loc":{"start":{"line":36,"column":57},"end":{"line":45,"column":1}}},"3":{"name":"(anonymous_11)","decl":{"start":{"line":40,"column":10},"end":{"line":40,"column":11}},"loc":{"start":{"line":41,"column":12},"end":{"line":41,"column":54}}},"4":{"name":"sofarErrorHandler","decl":{"start":{"line":47,"column":15},"end":{"line":47,"column":32}},"loc":{"start":{"line":55,"column":1},"end":{"line":79,"column":null}}},"5":{"name":"sofarHindcast","decl":{"start":{"line":81,"column":22},"end":{"line":81,"column":35}},"loc":{"start":{"line":87,"column":13},"end":{"line":111,"column":null}}},"6":{"name":"(anonymous_16)","decl":{"start":{"line":100,"column":10},"end":{"line":100,"column":11}},"loc":{"start":{"line":100,"column":23},"end":{"line":109,"column":5}}},"7":{"name":"(anonymous_17)","decl":{"start":{"line":110,"column":11},"end":{"line":110,"column":12}},"loc":{"start":{"line":110,"column":22},"end":{"line":110,"column":50}}},"8":{"name":"sofarSensor","decl":{"start":{"line":113,"column":16},"end":{"line":113,"column":27}},"loc":{"start":{"line":117,"column":14},"end":{"line":132,"column":1}}},"9":{"name":"(anonymous_19)","decl":{"start":{"line":128,"column":10},"end":{"line":128,"column":11}},"loc":{"start":{"line":128,"column":24},"end":{"line":128,"column":37}}},"10":{"name":"(anonymous_20)","decl":{"start":{"line":129,"column":11},"end":{"line":129,"column":12}},"loc":{"start":{"line":130,"column":6},"end":{"line":130,"column":63}}},"11":{"name":"sofarWaveData","decl":{"start":{"line":134,"column":16},"end":{"line":134,"column":29}},"loc":{"start":{"line":138,"column":14},"end":{"line":155,"column":1}}},"12":{"name":"(anonymous_22)","decl":{"start":{"line":153,"column":10},"end":{"line":153,"column":11}},"loc":{"start":{"line":153,"column":24},"end":{"line":153,"column":72}}},"13":{"name":"(anonymous_23)","decl":{"start":{"line":154,"column":11},"end":{"line":154,"column":12}},"loc":{"start":{"line":154,"column":22},"end":{"line":154,"column":60}}},"14":{"name":"sofarLatest","decl":{"start":{"line":157,"column":22},"end":{"line":157,"column":33}},"loc":{"start":{"line":163,"column":1},"end":{"line":175,"column":null}}},"15":{"name":"(anonymous_26)","decl":{"start":{"line":171,"column":10},"end":{"line":171,"column":11}},"loc":{"start":{"line":171,"column":24},"end":{"line":171,"column":42}}},"16":{"name":"(anonymous_27)","decl":{"start":{"line":172,"column":11},"end":{"line":172,"column":12}},"loc":{"start":{"line":173,"column":6},"end":{"line":173,"column":63}}},"17":{"name":"getSofarHindcastData","decl":{"start":{"line":177,"column":22},"end":{"line":177,"column":42}},"loc":{"start":{"line":183,"column":16},"end":{"line":202,"column":null}}},"18":{"name":"getSpotterData","decl":{"start":{"line":204,"column":22},"end":{"line":204,"column":36}},"loc":{"start":{"line":208,"column":18},"end":{"line":380,"column":null}}},"19":{"name":"(anonymous_32)","decl":{"start":{"line":232,"column":4},"end":{"line":232,"column":5}},"loc":{"start":{"line":232,"column":12},"end":{"line":235,"column":6}}},"20":{"name":"(anonymous_33)","decl":{"start":{"line":245,"column":4},"end":{"line":245,"column":null}},"loc":{"start":{"line":254,"column":8},"end":{"line":277,"column":5}}},"21":{"name":"(anonymous_34)","decl":{"start":{"line":288,"column":4},"end":{"line":288,"column":5}},"loc":{"start":{"line":288,"column":33},"end":{"line":299,"column":5}}},"22":{"name":"(anonymous_35)","decl":{"start":{"line":304,"column":4},"end":{"line":304,"column":5}},"loc":{"start":{"line":304,"column":15},"end":{"line":307,"column":6}}},"23":{"name":"(anonymous_36)","decl":{"start":{"line":319,"column":4},"end":{"line":319,"column":5}},"loc":{"start":{"line":319,"column":52},"end":{"line":355,"column":5}}},"24":{"name":"(anonymous_37)","decl":{"start":{"line":362,"column":47},"end":{"line":362,"column":48}},"loc":{"start":{"line":362,"column":57},"end":{"line":362,"column":75}}},"25":{"name":"(anonymous_38)","decl":{"start":{"line":364,"column":6},"end":{"line":364,"column":7}},"loc":{"start":{"line":364,"column":16},"end":{"line":364,"column":34}}},"26":{"name":"(anonymous_39)","decl":{"start":{"line":372,"column":48},"end":{"line":372,"column":49}},"loc":{"start":{"line":372,"column":58},"end":{"line":372,"column":76}}},"27":{"name":"getValueClosestToDate","decl":{"start":{"line":383,"column":16},"end":{"line":383,"column":37}},"loc":{"start":{"line":385,"column":15},"end":{"line":395,"column":1}}},"28":{"name":"(anonymous_41)","decl":{"start":{"line":387,"column":19},"end":{"line":387,"column":20}},"loc":{"start":{"line":388,"column":4},"end":{"line":388,"column":63}}},"29":{"name":"(anonymous_42)","decl":{"start":{"line":390,"column":28},"end":{"line":390,"column":29}},"loc":{"start":{"line":391,"column":4},"end":{"line":393,"column":19}}},"30":{"name":"getBarometricDiff","decl":{"start":{"line":397,"column":16},"end":{"line":397,"column":33}},"loc":{"start":{"line":397,"column":72},"end":{"line":412,"column":1}}}},"branchMap":{"0":{"loc":{"start":{"line":25,"column":2},"end":{"line":27,"column":null}},"type":"if","locations":[{"start":{"line":25,"column":2},"end":{"line":27,"column":null}}]},"1":{"loc":{"start":{"line":31,"column":6},"end":{"line":31,"column":71}},"type":"cond-expr","locations":[{"start":{"line":31,"column":60},"end":{"line":31,"column":65}},{"start":{"line":31,"column":68},"end":{"line":31,"column":71}}]},"2":{"loc":{"start":{"line":38,"column":4},"end":{"line":43,"column":10}},"type":"cond-expr","locations":[{"start":{"line":39,"column":8},"end":{"line":41,"column":null}},{"start":{"line":43,"column":8},"end":{"line":43,"column":10}}]},"3":{"loc":{"start":{"line":41,"column":12},"end":{"line":41,"column":54}},"type":"binary-expr","locations":[{"start":{"line":41,"column":12},"end":{"line":41,"column":31}},{"start":{"line":41,"column":35},"end":{"line":41,"column":54}}]},"4":{"loc":{"start":{"line":41,"column":19},"end":{"line":41,"column":30}},"type":"cond-expr","locations":[{"start":{"line":41,"column":23},"end":{"line":41,"column":25}},{"start":{"line":41,"column":19},"end":{"line":41,"column":30}}]},"5":{"loc":{"start":{"line":41,"column":19},"end":{"line":41,"column":25
[...]
n":8},"end":{"line":636,"column":49}},"type":"if","locations":[{"start":{"line":636,"column":8},"end":{"line":636,"column":49}}]},"49":{"loc":{"start":{"line":640,"column":13},"end":{"line":648,"column":19}},"type":"cond-expr","locations":[{"start":{"line":641,"column":10},"end":{"line":647,"column":null}},{"start":{"line":648,"column":10},"end":{"line":648,"column":19}}]},"50":{"loc":{"start":{"line":668,"column":54},"end":{"line":668,"column":69}},"type":"cond-expr","locations":[{"start":{"line":668,"column":65},"end":{"line":668,"column":67}},{"start":{"line":668,"column":54},"end":{"line":668,"column":69}}]},"51":{"loc":{"start":{"line":668,"column":54},"end":{"line":668,"column":67}},"type":"binary-expr","locations":[{"start":{"line":668,"column":54},"end":{"line":668,"column":67}},{"start":{"line":668,"column":54},"end":{"line":668,"column":67}}]},"52":{"loc":{"start":{"line":675,"column":54},"end":{"line":675,"column":69}},"type":"cond-expr","locations":[{"start":{"line":675,"column":65},"end":{"line":675,"column":67}},{"start":{"line":675,"column":54},"end":{"line":675,"column":69}}]},"53":{"loc":{"start":{"line":675,"column":54},"end":{"line":675,"column":67}},"type":"binary-expr","locations":[{"start":{"line":675,"column":54},"end":{"line":675,"column":67}},{"start":{"line":675,"column":54},"end":{"line":675,"column":67}}]},"54":{"loc":{"start":{"line":701,"column":16},"end":{"line":701,"column":39}},"type":"binary-expr","locations":[{"start":{"line":701,"column":16},"end":{"line":701,"column":30}},{"start":{"line":701,"column":34},"end":{"line":701,"column":39}}]},"55":{"loc":{"start":{"line":701,"column":16},"end":{"line":701,"column":30}},"type":"cond-expr","locations":[{"start":{"line":701,"column":21},"end":{"line":701,"column":23}},{"start":{"line":701,"column":16},"end":{"line":701,"column":30}}]},"56":{"loc":{"start":{"line":701,"column":16},"end":{"line":701,"column":23}},"type":"binary-expr","locations":[{"start":{"line":701,"column":16},"end":{"line":701,"column":23}},{"start":{"line":701,"column":16},"end":{"line":701,"column":23}}]},"57":{"loc":{"start":{"line":736,"column":2},"end":{"line":738,"column":null}},"type":"if","locations":[{"start":{"line":736,"column":2},"end":{"line":738,"column":null}}]},"58":{"loc":{"start":{"line":736,"column":6},"end":{"line":736,"column":33}},"type":"binary-expr","locations":[{"start":{"line":736,"column":6},"end":{"line":736,"column":22}},{"start":{"line":736,"column":26},"end":{"line":736,"column":33}}]},"59":{"loc":{"start":{"line":750,"column":2},"end":{"line":756,"column":null}},"type":"if","locations":[{"start":{"line":750,"column":2},"end":{"line":756,"column":null}}]},"60":{"loc":{"start":{"line":750,"column":6},"end":{"line":750,"column":48}},"type":"binary-expr","locations":[{"start":{"line":750,"column":6},"end":{"line":750,"column":19}},{"start":{"line":750,"column":23},"end":{"line":750,"column":48}}]},"61":{"loc":{"start":{"line":760,"column":13},"end":{"line":760,"column":73}},"type":"binary-expr","locations":[{"start":{"line":760,"column":13},"end":{"line":760,"column":45}},{"start":{"line":760,"column":49},"end":{"line":760,"column":73}}]},"62":{"loc":{"start":{"line":762,"column":2},"end":{"line":765,"column":6}},"type":"if","locations":[{"start":{"line":762,"column":2},"end":{"line":765,"column":6}}]},"63":{"loc":{"start":{"line":762,"column":6},"end":{"line":762,"column":34}},"type":"binary-expr","locations":[{"start":{"line":762,"column":6},"end":{"line":762,"column":22}},{"start":{"line":762,"column":26},"end":{"line":762,"column":34}}]},"64":{"loc":{"start":{"line":767,"column":2},"end":{"line":799,"column":null}},"type":"if","locations":[{"start":{"line":767,"column":2},"end":{"line":799,"column":null}}]},"65":{"loc":{"start":{"line":769,"column":4},"end":{"line":769,"column":56}},"type":"if","locations":[{"start":{"line":769,"column":4},"end":{"line":769,"column":56}}]},"66":{"loc":{"start":{"line":775,"column":4},"end":{"line":776,"column":78}},"type":"if","locations":[{"start":{"line":775,"column":4},"end":{"line":776,"column":78}}]},"67":{"loc":{"start":{"line":784,"column":6},"end":{"line":792,"column":12}},"type":"cond-expr","locations":[{"start":{"line":785,"column":10},"end":{"line":791,"column":22}},{"start":{"line":792,"column":10},"end":{"line":792,"column":12}}]},"68":{"loc":{"start":{"line":796,"column":4},"end":{"line":798,"column":null}},"type":"if","locations":[{"start":{"line":796,"column":4},"end":{"line":798,"column":null}}]},"69":{"loc":{"start":{"line":796,"column":8},"end":{"line":796,"column":64}},"type":"binary-expr","locations":[{"start":{"line":796,"column":8},"end":{"line":796,"column":47}},{"start":{"line":796,"column":51},"end":{"line":796,"column":64}}]},"70":{"loc":{"start":{"line":859,"column":21},"end":{"line":859,"column":47}},"type":"cond-expr","locations":[{"start":{"line":859,"column":34},"end":{"line":859,"column":38}},{"start":{"line":859,"column":38},"end":{"line":859,"column":47}}]},"71":{"loc":{"start":{"line":859,"column":21},"end":{"line":859,"column":38}},"type":"binary-expr","locations":[{"start":{"line":859,"column":21},"end":{"line":859,"column":38}},{"start":{"line":859,"column":34},"end":{"line":859,"column":38}}]}},"s":{"0":1,"1":1,"2":1,"3":1,"4":1,"5":1,"6":1,"7":1,"8":1,"9":1,"10":1,"11":1,"12":1,"13":1,"14":1,"15":1,"16":1,"17":1,"18":1,"19":1,"20":1,"21":0,"22":0,"23":0,"24":0,"25":0,"26":1,"27":1,"28":0,"29":0,"30":0,"31":0,"32":0,"33":1,"34":118,"35":118,"36":58,"37":60,"38":0,"39":0,"40":0,"41":0,"42":60,"43":0,"44":60,"45":60,"46":0,"47":1,"48":7,"49":74,"50":7,"51":3,"52":4,"53":8,"54":4,"55":4,"56":4,"57":0,"58":4,"59":1,"60":7,"61":7,"62":7,"63":7,"64":17,"65":458,"66":2668,"67":7,"68":7,"69":91,"70":2257,"71":7,"72":91,"73":7,"74":91,"75":7,"76":7,"77":1,"78":1,"79":7,"80":119,"81":118,"82":1,"83":119,"84":1,"85":1,"86":0,"87":0,"88":0,"89":0,"90":0,"91":0,"92":0,"93":0,"94":0,"95":0,"96":0,"97":0,"98":0,"99":0,"100":0,"101":0,"102":0,"103":0,"104":0,"105":0,"106":1,"107":7,"108":7,"109":7,"110":91,"111":22,"112":69,"113":7,"114":7,"115":7,"116":7,"117":118,"118":118,"119":118,"120":118,"121":1562,"122":1562,"123":1146,"124":7,"125":7,"126":7,"127":1146,"128":1146,"129":0,"130":0,"131":0,"132":1146,"133":7,"134":7,"135":1,"136":1,"137":0,"138":0,"139":0,"140":0,"141":0,"142":0,"143":0,"144":0,"145":0,"146":0,"147":1,"148":1,"149":0,"150":0,"151":0,"152":0,"153":1,"154":1,"155":0,"156":0,"157":0,"158":0,"159":0,"160":0,"161":0,"162":0,"163":0,"164":0,"165":0,"166":1,"167":0,"168":0,"169":0,"170":0,"171":1,"172":0,"173":0,"174":0,"175":0,"176":0,"177":0,"178":0,"179":1,"180":0,"181":0,"182":0,"183":0,"184":0,"185":0,"186":0,"187":0,"188":0,"189":0,"190":0,"191":0,"192":0,"193":0,"194":0,"195":0,"196":0,"197":0,"198":0,"199":0,"200":0,"201":0,"202":0,"203":0,"204":0,"205":0,"206":0,"207":0,"208":0,"209":1,"210":0,"211":0,"212":0,"213":0,"214":0,"215":0,"216":0,"217":0,"218":0,"219":0,"220":0,"221":0,"222":0,"223":0,"224":0,"225":0,"226":0,"227":0,"228":0,"229":0,"230":0,"231":0,"232":0,"233":0,"234":0,"235":0,"236":0,"237":0,"238":0,"239":0,"240":0,"241":0,"242":0,"243":0,"244":0,"245":0,"246":0,"247":0,"248":0,"249":0,"250":0,"251":0,"252":0,"253":0,"254":1},"f":{"0":0,"1":0,"2":0,"3":0,"4":118,"5":7,"6":74,"7":8,"8":4,"9":7,"10":7,"11":17,"12":458,"13":2668,"14":91,"15":2257,"16":91,"17":91,"18":7,"19":119,"20":119,"21":0,"22":0,"23":0,"24":0,"25":0,"26":0,"27":7,"28":91,"29":118,"30":1562,"31":1146,"32":1146,"33":0,"34":0,"35":0,"36":0,"37":0,"38":0,"39":0,"40":0,"41":0,"42":0,"43":0,"44":0,"45":0,"46":0,"47":0,"48":0,"49":0,"50":0,"51":0,"52":0,"53":0,"54":0,"55":0,"56":0,"57":0,"58":0,"59":0,"60":0,"61":0,"62":0,"63":0,"64":0,"65":0},"b":{"0":[0],"1":[0],"2":[58],"3":[118,58,58],"4":[0],"5":[0,0],"6":[0,0],"7":[0],"8":[60,60,60],"9":[60],"10":[60,60,60],"11":[3],"12":[0],"13":[4,4],"14":[0,7],"15":[7,7],"16":[0,7],"17":[7,7],"18":[2668,2668],"19":[9,82],"20":[91,91],"21":[91,82],"22":[7,0],"23":[7,7],"24":[118],"25":[0,0,0],"26":[0,0,0],"27":[0,0],"28":[0,0],"29":[0,0],"30":[0,0],"31":[3,4],"32":[22],"33":[91,82],"34":[0,118],"35":[1146],"36":[1146],"37":[0],"38":[0,0],"39":[0,0],"40":[0,0],"41":[0,0],"42":[0],"43":[0,0],"44":[0],"45":[0,0],"46":[0,0],"47":[0],"48":[0],"49":[0,0],"50":[0,0],"51":[0,0],"52":[0,0],"53":[0,0],"54":[0,0],"55":[0,0],"56":[0,0],"57":[0],"58":[0,0],"59":[0],"60":[0,0],"61":[0,0],"62":[0],"63":[0,0],"64":[0],"65":[0],"66":[0],"67":[0,0],"68":[0],"69":[0,0],"70":[0,0],"71":[0,0]}}
,"/home/user/climbox/packages/api/src/workers/dailyData.ts": {"path":"/home/user/climbox/packages/api/src/workers/dailyData.ts","statementMap":{"0":{"start":{"line":2,"column":0},"end":{"line":2,"column":73}},"1":{"start":{"line":3,"column":0},"end":{"line":3,"column":53}},"2":{"start":{"line":5,"column":0},"end":{"line":5,"column":32}},"3":{"start":{"line":6,"column":0},"end":{"line":6,"column":33}},"4":{"start":{"line":7,"column":0},"end":{"line":7,"column":40}},"5":{"start":{"line":8,"column":0},"end":{"line":8,"column":45}},"6":{"start":{"line":9,"column":0},"end":{"line":9,"column":55}},"7":{"start":{"line":10,"column":0},"end":{"line":10,"column":39}},"8":{"start":{"line":11,"column":0},"end":{"line":11,"column":69}},"9":{"start":{"line":12,"column":0},"end":{"line":12,"column":66}},"10":{"start":{"line":14,"column":0},"end":{"line":14,"column":67}},"11":{"start":{"line":15,"column":0},"end":{"line":15,"column":62}},"12":{"start":{"line":16,"column":0},"end":{"line":16,"column":52}},"13":{"start":{"line":24,"column":2},"end":{"line":50,"column":null}},"14":{"start":{"line":26,"column":35},"end":{"line":26,"column":49}},"15":{"start":{"line":27,"column":4},"end":{"line":30,"column":6}},"16":{"start":{"line":32,"column":30},"end":{"line":38,"column":null}},"17":{"start":{"line":43,"column":36},"end":{"line":43,"column":68}},"18":{"start":{"line":44,"column":4},"end":{"line":49,"column":6}},"19":{"start":{"line":18,"column":0},"end":{"line":18,"column":22}},"20":{"start":{"line":57,"column":59},"end":{"line":57,"column":63}},"21":{"start":{"line":58,"column":40},"end":{"line":60,"column":36}},"22":{"start":{"line":62,"column":56},"end":{"line":80,"column":4}},"23":{"start":{"line":84,"column":4},"end":{"line":84,"column":71}},"24":{"start":{"line":86,"column":4},"end":{"line":86,"column":66}},"25":{"start":{"line":88,"column":26},"end":{"line":91,"column":null}},"26":{"start":{"line":94,"column":2},"end":{"line":100,"column":4}},"27":{"start":{"line":53,"column":0},"end":{"line":53,"column":22}},"28":{"start":{"line":104,"column":2},"end":{"line":104,"column":70}},"29":{"start":{"line":112,"column":19},"end":{"line":112,"column":33}},"30":{"start":{"line":113,"column":2},"end":{"line":113,"column":43}},"31":{"start":{"line":114,"column":16},"end":{"line":120,"column":16}},"32":{"start":{"line":122,"column":2},"end":{"line":122,"column":79}},"33":{"start":{"line":107,"column":0},"end":{"line":107,"column":22}},"34":{"start":{"line":129,"column":2},"end":{"line":129,"column":70}},"35":{"start":{"line":125,"column":0},"end":{"line":125,"column":16}},"36":{"start":{"line":137,"column":16},"end":{"line":148,"column":null}},"37":{"start":{"line":151,"column":2},"end":{"line":153,"column":null}},"38":{"start":{"line":152,"column":4},"end":{"line":152,"column":57}},"39":{"start":{"line":155,"column":2},"end":{"line":155,"column":75}},"40":{"start":{"line":155,"column":66},"end":{"line":155,"column":73}},"41":{"start":{"line":132,"column":0},"end":{"line":132,"column":22}},"42":{"start":{"line":164,"column":25},"end":{"line":164,"column":55}},"43":{"start":{"line":165,"column":30},"end":{"line":165,"column":65}},"44":{"start":{"line":166,"column":19},"end":{"line":174,"column":null}},"45":{"start":{"line":176,"column":16},"end":{"line":176,"column":26}},"46":{"start":{"line":177,"column":2},"end":{"line":179,"column":4}},"47":{"start":{"line":180,"column":2},"end":{"line":229,"column":4}},"48":{"start":{"line":182,"column":19},"end":{"line":227,"column":null}},"49":{"start":{"line":183,"column":29},"end":{"line":183,"column":64}},"50":{"start":{"line":186,"column":6},"end":{"line":189,"column":null}},"51":{"start":{"line":187,"column":8},"end":{"line":187,"column":71}},"52":{"start":{"line":188,"column":8},"end":{"line":188,"column":15}},"53":{"start":{"line":192,"column":31},"end":{"line":195,"column":null}},"54":{"start":{"line":198,"column":21},"end":{"line":203,"column":null}},"55":{"start":{"line":205,"column":6},"end":{"line":226,"column":null}},"56":{"start":{"line":207,"column":8},"end":{"line":207,"column":47}},"57":{"start":{"line":210,"column":8},"end":{"line":225,"column":null}},"58":{"start":{"line":211,"column":31},"end":{"line":211,"column":52}},"59":{"start":{"line":212,"column":10},"end":{"line":218,"column":23}},"60":{"start":{"line":220,"column":10},"end":{"line":224,"column":12}},"61":{"start":{"line":230,"column":2},"end":{"line":234,"column":4}},"62":{"start":{"line":159,"column":0},"end":{"line":159,"column":22}},"63":{"start":{"line":238,"column":16},"end":{"line":238,"column":43}},"64":{"start":{"line":240,"column":20},"end":{"line":240,"column":53}},"65":{"start":{"line":241,"column":2},"end":{"line":241,"column":66}},"66":{"start":{"line":242,"column":2},"end":{"line":247,"column":null}},"67":{"start":{"line":243,"column":4},"end":{"line":243,"column":62}},"68":{"start":{"line":244,"column":4},"end":{"line":244,"column":43}},"69":{"start":{"line":246,"column":4},"end":{"line":246,"column":25}},"70":{"start":{"line":237,"column":0},"end":{"line":237,"column":22}}},"fnMap":{"0":{"name":"getDegreeHeatingDays","decl":{"start":{"line":18,"column":22},"end":{"line":18,"column":42}},"loc":{"start":{"line":22,"column":31},"end":{"line":51,"column":null}}},"1":{"name":"getDailyData","decl":{"start":{"line":53,"column":22},"end":{"line":53,"column":34}},"loc":{"start":{"line":55,"column":17},"end":{"line":101,"column":null}}},"2":{"name":"hasNoData","decl":{"start":{"line":103,"column":9},"end":{"line":103,"column":18}},"loc":{"start":{"line":103,"column":39},"end":{"line":105,"column":1}}},"3":{"name":"getWeeklyAlertLevel","decl":{"start":{"line":107,"column":22},"end":{"line":107,"column":41}},"loc":{"start":{"line":110,"column":12},"end":{"line":123,"column":null}}},"4":{"name":"getMaxAlert","decl":{"start":{"line":125,"column":16},"end":{"line":125,"column":27}},"loc":{"start":{"line":127,"column":27},"end":{"line":130,"column":1}}},"5":{"name":"getSitesIdsWithoutDataForDate","decl":{"start":{"line":132,"column":22},"end":{"line":132,"column":51}},"loc":{"start":{"line":135,"column":20},"end":{"line":156,"column":null}}},"6":{"name":"(anonymous_18)","decl":{"start":{"line":155,"column":56},"end":{"line":155,"column":57}},"loc":{"start":{"line":155,"column":66},"end":{"line":155,"column":73}}},"7":{"name":"getSitesDailyData","decl":{"start":{"line":159,"column":22},"end":{"line":159,"column":39}},"loc":{"start":{"line":162,"column":20},"end":{"line":235,"column":null}}},"8":{"name":"(anonymous_21)","decl":{"start":{"line":182,"column":4},"end":{"line":182,"column":11}},"loc":{"start":{"line":182,"column":19},"end":{"line":227,"column":null}}},"9":{"name":"(anonymous_22)","decl":{"start":{"line":182,"column":19},"end":{"line":182,"column":null}},"loc":{"start":{"line":182,"column":19},"end":{"line":227,"column":5}}},"10":{"name":"runDailyUpdate","decl":{"start":{"line":237,"column":22},"end":{"line":237,"column":36}},"loc":{"start":{"line":237,"column":59},"end":{"line":248,"column":null}}}},"branchMap":{"0":{"loc":{"start":{"line":45,"column":6},"end":{"line":48,"column":null}},"type":"binary-expr","locations":[{"start":{"line":45,"column":6},"end":{"line":45,"column":29}},{"start":{"line":45,"column":33},"end":{"line":48,"column":null}}]},"1":{"loc":{"start":{"line":58,"column":40},"end":{"line":60,"column":36}},"type":"cond-expr","locations":[{"start":{"line":59,"column":7},"end":{"line":59,"column":48}},{"start":{"line":60,"column":7},"end":{"line":60,"column":36}}]},"2":{"loc":{"start":{"line":84,"column":4},"end":{"line":84,"column":71}},"type":"binary-expr","locations":[{"start":{"line":84,"column":4},"end":{"line":84,"column":28}},{"start":{"line":84,"column":32},"end":{"line":84,"column":71}}]},"3":{"loc":{"start":{"line":86,"column":4},"end":{"line":86,"column":66}},"type":"binary-expr","locations":[{"start":{"line":86,"column":4},"end":{"line":86,"column":30}},{"start":{"line":86,"column":34},"end":{"line":86,"column":66}}]},"4":{"loc":{"start":{"line":91,"column":4},"end":{"line":91,"column":28}},"type":"cond-expr","locations":[{"start":{"line":91,"column":21},"end":{"line":91,"column":23}},{"start":{"line":91,"column":4},"end":{"line":91,"column":28}}]},"5":{"loc":{"start":{"line":91,"column":4},"end":{"line":91,"column":23}},"type":"binary-expr","locations":[{"start":{"line":91,"column":4},"end":{"line":91,"column":23}},{"start":{"line":91,"column":4},"end":{"line":91,"column":23}}]},"6":{"loc":{"start":{"line":99,"column":23},"end":{"line":99,"column":47}},"type":"cond-expr","locations":[{"start":{"line":99,"column":40},"end":{"line":99,"column":42}},{"start":{"line":99,"column":23},"end":{"line":99,"column":47}}]},"7":{"loc":{"start":{"line":99,"column":23},"end":{"line":99,"column":42}},"type":"binary-expr","locations":[{"start":{"line":99,"column":23},"end":{"line":99,"column":42}},{"start":{"line":99,"column":23},"end":{"line":99,"column":42}}]},"8":{"loc":{"start":{"line":122,"column":9},"end":{"line":122,"column":78}},"type":"cond-expr","locations":[{"start":{"line":122,"column":44},"end":{"line":122,"column":66}},{"start":{"line":122,"column":69},"end":{"line":122,"column":78}}]},"9":{"loc":{"start":{"line":151,"column":2},"end":{"line":153,"column":null}},"type":"if","locations":[{"start":{"line":151,"column":2},"end":{"line":153,"column":null}}]},"10":{"loc":{"start":{"line":151,"column":6},"end":{"line":151,"column":21}},"type":"cond-expr","locations":[{"start":{"line":151,"column":13},"end":{"line":151,"column":15}},{"start":{"line":151,"column":6},"end":{"line":151,"column":21}}]},"11":{"loc":{"start":{"line":151,"column":6},"end":{"line":151,"column":15}},"type":"binary-expr","locations":[{"start":{"line":151,"column":6},"end":{"line":151,"column":15}},{"start":{"line":151,"column":6},"end":{"line":151,"column":15}}]},"12":{"loc":{"start":{"line":167,"column":8},"end":{"line":173,"column":10}},"type":"cond-expr","locations":[{"start":{"line":168,"column":8},"end":{"line":172,"column":null}},{"start":{"line":173,"column":8},"end":{"line":173,"column":10}}]},"13":{"loc":{"start":{"line":167,"column":8},"end":{"line":167,"column":37}},"type":"binary-expr","locations":[{"start":{"line":167,"column":8},"end":{"line":167,"column":15}},{"start":{"line":167,"column":19},"end":{"line":167,"column":37}}]},"14":{"loc":{"start":{"line":186,"column":6},"end":{"line":189,"column":null}},"type":"if","locations":[{"start":{"line":186,"column":6},"end":{"line":189,"column":null}}]},"15":{"loc":{"start":{"line":210,"column":8},"end":{"line":225,"column":null}},"type":"if","locations":[{"start":{"line":210,"column":8},"end":{"line":225,"column":null}},{"start":{"line":219,"column":15},"end":{"line":225,"column":null}}]}},"s":{"0":1,"1":1,"2":1,"3":1,"4":1,"5":1,"6":1,"7":1,"8":1,"9":1,"10":1,"11":1,"12":1,"13":1,"14":1,"15":1,"16":1,"17":1,"18":1,"19":1,"20":1,"21":1,"22":1,"23":1,"24":1,"25":1,"26":1,"27":1,"28":0,"29":0,"30":0,"31":0,"32":0,"33":1,"34":0,"35":1,"36":0,"37":0,"38":0,"39":0,"40":0,"41":1,"42":0,"43":0,"44":0,"45":0,"46":0,"47":0,"48":0,"49":0,"50":0,"51":0,"52":0,"53":0,"54":0,"55":0,"56":0,"57":0,"58":0,"59":0,"60":0,"61":0,"62":1,"63":0,"64":0,"65":0,"66":0,"67":0,"68":0,"69":0,"70":1},"f":{"0":1,"1":1,"2":0,"3":0,"4":0,"5":0,"6":0,"7":0,"8":0,"9":0,"10":0},"b":{"0":[1,0],"1":[0,1],"2":[1,1],"3":[1,0],"4":[1,0],"5":[1,1],"6":[1,0],"7":[1,1],"8":[0,0],"9":[0],"10":[0,0],"11":[0,0],"12":[0,0],"13":[0,0],"14":[0],"15":[0,0]}}
}
