TN:
SF:src/luxon-extensions.ts
FN:13,(anonymous_0)
FN:9,(anonymous_1)
FNF:2
FNH:1
FNDA:4,(anonymous_0)
FNDA:0,(anonymous_1)
DA:1,3
DA:9,3
DA:10,0
DA:13,7
LF:4
LH:3
BRF:0
BRH:0
end_of_record
TN:
SF:src/google-cloud/google-cloud.service.ts
FN:28,(anonymous_12)
FN:42,(anonymous_13)
FN:57,(anonymous_14)
FN:68,(anonymous_15)
FN:78,(anonymous_17)
FN:99,(anonymous_19)
FN:110,(anonymous_20)
FN:130,(anonymous_22)
FN:151,(anonymous_24)
FN:155,(anonymous_25)
FN:160,(anonymous_26)
FN:173,(anonymous_27)
FN:174,(anonymous_28)
FN:175,(anonymous_29)
FN:178,(anonymous_30)
FN:179,(anonymous_31)
FN:184,(anonymous_32)
FN:187,(anonymous_34)
FN:188,(anonymous_35)
FN:196,(anonymous_36)
FNF:20
FNH:0
FNDA:0,(anonymous_12)
FNDA:0,(anonymous_13)
FNDA:0,(anonymous_14)
FNDA:0,(anonymous_15)
FNDA:0,(anonymous_17)
FNDA:0,(anonymous_19)
FNDA:0,(anonymous_20)
FNDA:0,(anonymous_22)
FNDA:0,(anonymous_24)
FNDA:0,(anonymous_25)
FNDA:0,(anonymous_26)
FNDA:0,(anonymous_27)
FNDA:0,(anonymous_28)
FNDA:0,(anonymous_29)
FNDA:0,(anonymous_30)
FNDA:0,(anonymous_31)
FNDA:0,(anonymous_32)
FNDA:0,(anonymous_34)
FNDA:0,(anonymous_35)
FNDA:0,(anonymous_36)
DA:1,1
DA:6,1
DA:7,1
DA:8,1
DA:9,1
DA:10,1
DA:11,1
DA:12,1
DA:16,1
DA:19,1
DA:20,0
DA:23,0
DA:24,0
DA:25,0
DA:26,0
DA:30,0
DA:33,0
DA:35,0
DA:48,0
DA:49,0
DA:50,0
DA:52,0
DA:53,0
DA:54,0
DA:63,0
DA:64,0
DA:65,0
DA:74,0
DA:75,0
DA:82,0
DA:83,0
DA:84,0
DA:86,0
DA:94,0
DA:96,0
DA:106,0
DA:107,0
DA:115,0
DA:116,0
DA:117,0
DA:119,0
DA:120,0
DA:121,0
DA:122,0
DA:124,0
DA:125,0
DA:127,0
DA:131,0
DA:132,0
DA:135,0
DA:138,0
DA:139,0
DA:142,0
DA:146,0
DA:150,0
DA:151,0
DA:154,0
DA:156,0
DA:160,0
DA:162,0
DA:166,0
DA:172,0
DA:173,0
DA:174,0
DA:175,0
DA:177,0
DA:178,0
DA:179,0
DA:181,0
DA:185,0
DA:187,0
DA:188,0
DA:189,0
DA:193,0
DA:197,0
DA:198,0
DA:199,0
DA:202,0
DA:203,0
DA:205,0
DA:209,0
LF:81
LH:10
BRDA:48,0,0,0
BRDA:60,1,0,0
BRDA:61,2,0,0
BRDA:71,3,0,0
BRDA:72,4,0,0
BRDA:82,5,0,0
BRDA:113,6,0,0
BRDA:115,7,0,0
BRDA:121,8,0,0
BRDA:121,8,1,0
BRDA:131,9,0,0
BRDA:131,10,0,0
BRDA:131,10,1,0
BRDA:138,11,0,0
BRDA:138,12,0,0
BRDA:138,12,1,0
BRDA:156,13,0,0
BRDA:156,13,1,0
BRDA:197,14,0,0
BRF:19
BRH:0
end_of_record
TN:
SF:src/sites/schemas/source-type.enum.ts
FN:1,(anonymous_0)
FNF:1
FNH:1
FNDA:2,(anonymous_0)
DA:1,2
DA:2,2
DA:3,2
DA:4,2
DA:5,2
DA:6,2
DA:7,2
DA:8,2
DA:9,2
DA:10,2
LF:10
LH:10
BRDA:1,0,0,2
BRDA:1,0,1,2
BRF:2
BRH:2
end_of_record
TN:
SF:src/time-series/metrics.enum.ts
FN:1,(anonymous_0)
FNF:1
FNH:1
FNDA:2,(anonymous_0)
DA:1,2
DA:3,2
DA:4,2
DA:5,2
DA:6,2
DA:7,2
DA:8,2
DA:9,2
DA:10,2
DA:11,2
DA:12,2
DA:13,2
DA:14,2
DA:15,2
DA:16,2
DA:17,2
DA:18,2
DA:19,2
DA:20,2
DA:22,2
DA:23,2
DA:24,2
DA:25,2
DA:26,2
DA:27,2
DA:28,2
DA:29,2
DA:30,2
DA:31,2
DA:32,2
DA:33,2
DA:34,2
DA:35,2
DA:36,2
DA:37,2
DA:38,2
DA:39,2
DA:40,2
DA:41,2
DA:43,2
DA:44,2
DA:45,2
DA:46,2
DA:47,2
DA:48,2
LF:45
LH:45
BRDA:1,0,0,2
BRDA:1,0,1,2
BRF:2
BRH:2
end_of_record
TN:
SF:src/uploads/file.decorator.ts
FN:6,(anonymous_6)
FN:13,(anonymous_7)
FN:18,assignName
FN:19,(anonymous_9)
FNF:4
FNH:0
FNDA:0,(anonymous_6)
FNDA:0,(anonymous_7)
FNDA:0,assignName
FNDA:0,(anonymous_9)
DA:2,1
DA:3,1
DA:4,1
DA:6,1
DA:12,0
DA:13,0
DA:14,0
DA:15,0
DA:18,1
DA:19,0
DA:24,0
DA:25,0
DA:26,0
LF:13
LH:5
BRF:0
BRH:0
end_of_record
TN:
SF:src/uploads/mimetypes.ts
FN:6,validateMimetype
FN:9,(anonymous_1)
FNF:2
FNH:0
FNDA:0,validateMimetype
FNDA:0,(anonymous_1)
DA:1,1
DA:6,1
DA:8,0
DA:9,0
DA:10,0
DA:11,0
DA:14,0
LF:7
LH:2
BRDA:10,0,0,0
BRF:1
BRH:0
end_of_record
TN:
SF:src/utils/bleachingAlert.ts
FN:10,(anonymous_0)
FNF:1
FNH:1
FNDA:1,(anonymous_0)
DA:1,1
DA:10,1
DA:16,1
DA:20,1
DA:22,1
DA:25,0
DA:28,0
DA:32,0
DA:35,0
DA:38,0
DA:41,0
DA:44,0
LF:12
LH:5
BRDA:16,0,0,1
BRDA:16,0,1,0
BRDA:16,0,2,0
BRDA:20,1,0,1
BRDA:20,1,1,0
BRDA:20,1,2,0
BRDA:20,1,3,0
BRDA:20,1,4,0
BRDA:20,1,5,0
BRDA:20,1,6,0
BRDA:20,1,7,0
BRDA:24,2,0,0
BRDA:24,2,1,0
BRDA:27,3,0,0
BRDA:27,3,1,0
BRF:15
BRH:2
end_of_record
TN:
SF:src/utils/constants.ts
FN:25,(anonymous_0)
FNF:1
FNH:1
FNDA:3,(anonymous_0)
DA:2,3
DA:4,3
DA:8,3
DA:9,3
DA:17,3
DA:19,3
DA:20,3
DA:22,3
DA:25,3
DA:26,3
DA:27,3
DA:28,3
DA:32,3
DA:63,3
LF:14
LH:14
BRDA:8,0,0,3
BRDA:8,0,1,0
BRDA:25,1,0,3
BRDA:25,1,1,3
BRF:4
BRH:3
end_of_record
TN:
SF:src/utils/coordinates.ts
FN:5,pointToIndex
FN:36,pointToPixel
FN:58,(anonymous_2)
FNF:3
FNH:3
FNDA:15,pointToIndex
FNDA:15,pointToPixel
FNDA:2,(anonymous_2)
DA:5,4
DA:12,15
DA:14,15
DA:15,15
DA:19,15
DA:24,15
DA:26,15
DA:29,15
DA:33,15
DA:36,4
DA:43,15
DA:52,15
DA:53,15
DA:55,15
DA:58,4
DA:63,2
DA:64,2
LF:17
LH:17
BRDA:19,0,0,0
BRDA:19,0,1,15
BRDA:24,1,0,0
BRDA:24,1,1,15
BRDA:61,2,0,2
BRF:5
BRH:3
end_of_record
TN:
SF:src/utils/dates.ts
FN:3,getStartEndDate
FN:12,getDefaultDates
FNF:2
FNH:1
FNDA:4,getStartEndDate
FNDA:0,getDefaultDates
DA:1,3
DA:3,3
DA:4,4
DA:5,4
DA:6,4
DA:12,3
DA:13,0
DA:14,0
DA:18,0
LF:9
LH:6
BRDA:3,0,0,2
BRDA:13,1,0,0
BRDA:13,1,1,0
BRDA:14,2,0,0
BRDA:14,2,1,0
BRF:5
BRH:1
end_of_record
TN:
SF:src/utils/google-cloud.utils.ts
FN:5,(anonymous_0)
FN:10,(anonymous_1)
FNF:2
FNH:1
FNDA:1,(anonymous_0)
FNDA:0,(anonymous_1)
DA:1,1
DA:3,1
DA:5,1
DA:6,1
DA:7,1
DA:10,1
DA:11,0
DA:12,0
DA:15,0
LF:9
LH:6
BRDA:5,0,0,1
BRDA:5,0,1,1
BRDA:11,1,0,0
BRF:3
BRH:2
end_of_record
TN:
SF:src/utils/math.ts
FN:1,(anonymous_0)
FN:5,(anonymous_1)
FN:12,(anonymous_2)
FNF:3
FNH:1
FNDA:0,(anonymous_0)
FNDA:0,(anonymous_1)
FNDA:4,(anonymous_2)
DA:1,2
DA:2,0
DA:5,2
DA:9,0
DA:12,2
DA:17,4
DA:20,4
LF:7
LH:5
BRDA:2,0,0,0
BRDA:2,0,1,0
BRDA:20,1,0,2
BRDA:20,1,1,2
BRF:4
BRH:2
end_of_record
TN:
SF:src/utils/retry-axios.ts
FNF:0
FNH:0
DA:1,3
DA:2,3
DA:4,3
DA:6,3
LF:4
LH:4
BRF:0
BRH:0
end_of_record
TN:
SF:src/utils/site.utils.ts
FN:32,(anonymous_8)
FN:45,(anonymous_9)
FN:46,(anonymous_10)
FN:54,(anonymous_11)
FN:57,(anonymous_12)
FN:66,(anonymous_13)
FN:70,(anonymous_14)
FN:81,(anonymous_15)
FN:85,(anonymous_16)
FN:105,(anonymous_17)
FN:109,(anonymous_18)
FN:119,(anonymous_19)
FN:122,(anonymous_20)
FN:135,(anonymous_21)
FN:140,(anonymous_22)
FN:144,(anonymous_23)
FN:150,(anonymous_24)
FN:155,(anonymous_25)
FN:157,(anonymous_26)
FN:164,(anonymous_27)
FN:172,(anonymous_28)
FN:181,getAllColumns
FN:185,(anonymous_30)
FN:189,(anonymous_31)
FN:194,(anonymous_32)
FN:208,(anonymous_33)
FN:212,(anonymous_34)
FN:224,(anonymous_35)
FN:229,(anonymous_36)
FN:250,(anonymous_37)
FN:253,(anonymous_38)
FN:263,(anonymous_39)
FN:265,(anonymous_40)
FN:276,(anonymous_41)
FN:283,(anonymous_42)
FN:285,(anonymous_43)
FN:304,(anonymous_44)
FN:305,(anonymous_45)
FN:309,(anonymous_46)
FN:333,(anonymous_47)
FN:337,(anonymous_48)
FN:373,(anonymous_49)
FN:376,(anonymous_50)
FN:382,(anonymous_51)
FN:390,(anonymous_52)
FN:417,(anonymous_53)
FN:417,(anonymous_54)
FNF:47
FNH:0
FNDA:0,(anonymous_8)
FNDA:0,(anonymous_9)
FNDA:0,(anonymous_10)
FNDA:0,(anonymous_11)
FNDA:0,(anonymous_12)
FNDA:0,(anonymous_13)
FNDA:0,(anonymous_14)
FNDA:0,(anonymous_15)
FNDA:0,(anonymous_16)
FNDA:0,(anonymous_17)
FNDA:0,(anonymous_18)
FNDA:0,(anonymous_19)
FNDA:0,(anonymous_20)
FNDA:0,(anonymous_21)
FNDA:0,(anonymous_22)
FNDA:0,(anonymous_23)
FNDA:0,(anonymous_24)
FNDA:0,(anonymous_25)
FNDA:0,(anonymous_26)
FNDA:0,(anonymous_27)
FNDA:0,(anonymous_28)
FNDA:0,getAllColumns
FNDA:0,(anonymous_30)
FNDA:0,(anonymous_31)
FNDA:0,(anonymous_32)
FNDA:0,(anonymous_33)
FNDA:0,(anonymous_34)
FNDA:0,(anonymous_35)
FNDA:0,(anonymous_36)
FNDA:0,(anonymous_37)
FNDA:0,(anonymous_38)
FNDA:0,(anonymous_39)
FNDA:0,(anonymous_40)
FNDA:0,(anonymous_41)
FNDA:0,(anonymous_42)
FNDA:0,(anonymous_43)
FNDA:0,(anonymous_44)
FNDA:0,(anonymous_45)
FNDA:0,(anonymous_46)
FNDA:0,(anonymous_47)
FNDA:0,(anonymous_48)
FNDA:0,(anonymous_49)
FNDA:0,(anonymous_50)
FNDA:0,(anonymous_51)
FNDA:0,(anonymous_52)
FNDA:0,(anonymous_53)
FNDA:0,(anonymous_54)
DA:1,2
DA:6,2
DA:13,2
DA:14,2
DA:19,2
DA:22,2
DA:25,2
DA:27,2
DA:29,2
DA:30,2
DA:32,2
DA:33,0
DA:40,0
DA:41,0
DA:44,0
DA:46,0
DA:47,0
DA:51,0
DA:54,2
DA:57,0
DA:58,0
DA:67,0
DA:68,0
DA:71,0
DA:77,0
DA:81,2
DA:85,0
DA:86,0
DA:89,0
DA:93,0
DA:94,0
DA:97,0
DA:105,2
DA:106,0
DA:109,2
DA:111,0
DA:112,0
DA:115,0
DA:116,0
DA:119,2
DA:122,0
DA:123,0
DA:124,0
DA:127,0
DA:135,2
DA:140,0
DA:141,0
DA:143,0
DA:145,0
DA:150,2
DA:154,0
DA:157,0
DA:158,0
DA:160,0
DA:164,2
DA:168,0
DA:169,0
DA:172,0
DA:173,0
DA:181,2
DA:184,0
DA:185,0
DA:189,2
DA:194,0
DA:195,0
DA:201,0
DA:202,0
DA:205,0
DA:208,2
DA:212,0
DA:213,0
DA:217,0
DA:218,0
DA:224,2
DA:229,0
DA:230,0
DA:231,0
DA:235,0
DA:236,0
DA:241,0
DA:247,0
DA:250,2
DA:253,0
DA:254,0
DA:256,0
DA:257,0
DA:260,0
DA:263,2
DA:265,0
DA:268,0
DA:275,0
DA:276,0
DA:277,0
DA:280,0
DA:283,2
DA:285,0
DA:286,0
DA:294,0
DA:302,0
DA:304,0
DA:306,0
DA:307,0
DA:308,0
DA:309,0
DA:310,0
DA:312,0
DA:314,0
DA:316,0
DA:317,0
DA:319,0
DA:326,0
DA:333,2
DA:337,0
DA:339,0
DA:349,0
DA:359,0
DA:366,0
DA:373,2
DA:376,0
DA:377,0
DA:382,2
DA:390,0
DA:391,0
DA:392,0
DA:393,0
DA:397,0
DA:398,0
DA:410,0
DA:411,0
DA:416,0
DA:417,0
DA:418,0
DA:429,0
LF:133
LH:29
BRDA:40,0,0,0
BRDA:47,1,0,0
BRDA:47,1,1,0
BRDA:51,2,0,0
BRDA:51,2,1,0
BRDA:63,3,0,0
BRDA:63,3,1,0
BRDA:72,4,0,0
BRDA:72,4,1,0
BRDA:89,5,0,0
BRDA:89,5,1,0
BRDA:93,6,0,0
BRDA:97,7,0,0
BRDA:97,7,1,0
BRDA:111,8,0,0
BRDA:123,9,0,0
BRDA:145,10,0,0
BRDA:145,10,1,0
BRDA:145,10,2,0
BRDA:154,11,0,0
BRDA:154,11,1,0
BRDA:154,12,0,0
BRDA:154,12,1,0
BRDA:160,13,0,0
BRDA:160,13,1,0
BRDA:160,13,2,0
BRDA:168,14,0,0
BRDA:193,15,0,0
BRDA:198,16,0,0
BRDA:198,16,1,0
BRDA:201,17,0,0
BRDA:217,18,0,0
BRDA:217,19,0,0
BRDA:217,19,1,0
BRDA:217,20,0,0
BRDA:217,20,1,0
BRDA:217,21,0,0
BRDA:217,21,1,0
BRDA:217,22,0,0
BRDA:217,22,1,0
BRDA:219,23,0,0
BRDA:219,23,1,0
BRDA:219,24,0,0
BRDA:219,24,1,0
BRDA:235,25,0,0
BRDA:256,26,0,0
BRDA:310,27,0,0
BRDA:314,28,0,0
BRDA:317,29,0,0
BRDA:410,30,0,0
BRDA:419,31,0,0
BRDA:419,31,1,0
BRF:52
BRH:0
end_of_record
TN:
SF:src/utils/slack.utils.ts
FN:25,(anonymous_8)
FN:28,(anonymous_9)
FNF:2
FNH:2
FNDA:1,(anonymous_8)
FNDA:1,(anonymous_9)
DA:1,3
DA:2,3
DA:4,3
DA:25,3
DA:28,1
DA:29,1
DA:39,1
DA:41,1
DA:42,1
LF:9
LH:9
BRDA:41,0,0,1
BRF:1
BRH:1
end_of_record
TN:
SF:src/utils/sofar-availability-points.ts
FNF:0
FNH:0
DA:1,1
DA:4,1
LF:2
LH:2
BRF:0
BRH:0
end_of_record
TN:
SF:src/utils/sofar-availability.ts
FN:7,(anonymous_1)
FN:16,getSofarNearestAvailablePoint
FNF:2
FNH:2
FNDA:156635,(anonymous_1)
FNDA:2,getSofarNearestAvailablePoint
DA:2,1
DA:3,1
DA:5,1
DA:7,156635
DA:16,1
DA:18,2
DA:21,2
DA:51,2
DA:53,2
LF:9
LH:9
BRDA:53,0,0,1
BRDA:53,0,1,1
BRF:2
BRH:2
end_of_record
TN:
SF:src/utils/sofar.ts
FN:22,(anonymous_8)
FN:30,(anonymous_9)
FN:36,(anonymous_10)
FN:40,(anonymous_11)
FN:47,sofarErrorHandler
FN:81,sofarHindcast
FN:100,(anonymous_16)
FN:110,(anonymous_17)
FN:113,sofarSensor
FN:128,(anonymous_19)
FN:129,(anonymous_20)
FN:134,sofarWaveData
FN:153,(anonymous_22)
FN:154,(anonymous_23)
FN:157,sofarLatest
FN:171,(anonymous_26)
FN:172,(anonymous_27)
FN:177,getSofarHindcastData
FN:204,getSpotterData
FN:232,(anonymous_32)
FN:245,(anonymous_33)
FN:288,(anonymous_34)
FN:304,(anonymous_35)
FN:319,(anonymous_36)
FN:362,(anonymous_37)
FN:364,(anonymous_38)
FN:372,(anonymous_39)
FN:383,getValueClosestToDate
FN:387,(anonymous_41)
FN:390,(anonymous_42)
FN:397,getBarometricDiff
FNF:31
FNH:12
FNDA:2,(anonymous_8)
FNDA:0,(anonymous_9)
FNDA:3,(anonymous_10)
FNDA:0,(anonymous_11)
FNDA:7,sofarErrorHandler
FNDA:4,sofarHindcast
FNDA:0,(anonymous_16)
FNDA:4,(anonymous_17)
FNDA:1,sofarSensor
FNDA:0,(anonymous_19)
FNDA:1,(anonymous_20)
FNDA:2,sofarWaveData
FNDA:0,(anonymous_22)
FNDA:2,(anonymous_23)
FNDA:0,sofarLatest
FNDA:0,(anonymous_26)
FNDA:0,(anonymous_27)
FNDA:3,getSofarHindcastData
FNDA:1,getSpotterData
FNDA:0,(anonymous_32)
FNDA:0,(anonymous_33)
FNDA:0,(anonymous_34)
FNDA:0,(anonymous_35)
FNDA:0,(anonymous_36)
FNDA:0,(anonymous_37)
FNDA:0,(anonymous_38)
FNDA:0,(anonymous_39)
FNDA:0,getValueClosestToDate
FNDA:0,(anonymous_41)
FNDA:0,(anonymous_42)
FNDA:1,getBarometricDiff
DA:3,3
DA:4,3
DA:5,3
DA:6,3
DA:7,3
DA:13,3
DA:20,3
DA:22,3
DA:25,2
DA:26,0
DA:29,2
DA:31,0
DA:36,3
DA:37,3
DA:41,0
DA:56,7
DA:57,7
DA:58,7
DA:59,7
DA:61,7
DA:62,6
DA:64,1
DA:65,1
DA:71,1
DA:77,0
DA:81,3
DA:89,4
DA:102,0
DA:103,0
DA:106,0
DA:108,0
DA:110,4
DA:113,3
DA:119,1
DA:128,0
DA:130,1
DA:134,3
DA:140,2
DA:153,0
DA:154,2
DA:157,3
DA:164,0
DA:171,0
DA:173,0
DA:177,3
DA:185,3
DA:188,3
DA:201,3
DA:204,3
DA:210,1
DA:212,1
DA:221,1
DA:224,1
DA:231,1
DA:232,0
DA:244,1
DA:255,0
DA:287,1
DA:289,0
DA:303,1
DA:304,0
DA:310,1
DA:318,1
DA:320,0
DA:322,0
DA:323,0
DA:332,0
DA:333,0
DA:342,0
DA:343,0
DA:354,0
DA:359,1
DA:361,1
DA:362,0
DA:364,0
DA:372,0
DA:383,3
DA:387,0
DA:388,0
DA:390,0
DA:391,0
DA:397,3
DA:398,1
DA:400,1
DA:404,1
DA:411,1
LF:86
LH:54
BRDA:25,0,0,0
BRDA:31,1,0,0
BRDA:31,1,1,0
BRDA:38,2,0,0
BRDA:38,2,1,3
BRDA:41,3,0,0
BRDA:41,3,1,0
BRDA:41,4,0,0
BRDA:41,4,1,0
BRDA:41,5,0,0
BRDA:41,5,1,0
BRDA:50,6,0,6
BRDA:56,7,0,7
BRDA:56,7,1,0
BRDA:57,8,0,3
BRDA:57,8,1,4
BRDA:61,9,0,6
BRDA:64,10,0,1
BRDA:102,11,0,0
BRDA:146,12,0,2
BRDA:146,12,1,0
BRDA:146,13,0,2
BRDA:146,13,1,2
BRDA:212,14,0,1
BRDA:212,14,1,0
BRDA:212,15,0,1
BRDA:212,15,1,1
BRDA:215,16,0,0
BRDA:215,16,1,0
BRDA:216,17,0,0
BRDA:216,17,1,0
BRDA:220,18,0,0
BRDA:220,19,0,0
BRDA:220,20,0,0
BRDA:220,21,0,0
BRDA:221,22,0,1
BRDA:221,22,1,1
BRDA:224,23,0,1
BRDA:224,23,1,1
BRDA:322,24,0,0
BRDA:322,25,0,0
BRDA:322,25,1,0
BRDA:332,26,0,0
BRDA:332,27,0,0
BRDA:332,27,1,0
BRDA:342,28,0,0
BRDA:342,29,0,0
BRDA:342,29,1,0
BRDA:373,30,0,0
BRDA:373,30,1,1
BRDA:391,31,0,0
BRDA:391,31,1,0
BRDA:398,32,0,0
BRDA:398,32,1,1
BRDA:398,33,0,1
BRDA:398,33,1,1
BRDA:400,34,0,0
BRDA:400,34,1,1
BRDA:400,35,0,0
BRDA:400,35,1,1
BRDA:400,36,0,1
BRDA:400,36,1,1
BRDA:404,37,0,0
BRDA:404,37,1,1
BRF:64
BRH:26
end_of_record
TN:
SF:src/utils/sofar.types.ts
FNF:0
FNH:0
DA:31,3
DA:90,3
LF:2
LH:2
BRF:0
BRH:0
end_of_record
TN:
SF:src/utils/temperature.ts
FN:9,getTiffFromCache
FN:16,getValueFromTiff
FN:36,(anonymous_17)
FN:37,(anonymous_18)
FN:61,getMMM
FN:67,getHistoricalMonthlyMeans
FN:84,(anonymous_23)
FN:84,(anonymous_24)
FN:108,calculateDegreeHeatingDays
FN:122,(anonymous_26)
FNF:10
FNH:10
FNDA:15,getTiffFromCache
FNDA:15,getValueFromTiff
FNDA:15,(anonymous_17)
FNDA:1500,(anonymous_18)
FNDA:3,getMMM
FNDA:1,getHistoricalMonthlyMeans
FNDA:12,(anonymous_23)
FNDA:12,(anonymous_24)
FNDA:4,calculateDegreeHeatingDays
FNDA:84,(anonymous_26)
DA:1,3
DA:2,3
DA:5,3
DA:7,3
DA:10,15
DA:11,13
DA:13,15
DA:17,15
DA:19,15
DA:20,15
DA:21,15
DA:22,15
DA:24,15
DA:32,15
DA:36,15
DA:37,1500
DA:40,15
DA:61,3
DA:62,3
DA:63,3
DA:64,3
DA:67,3
DA:68,1
DA:83,1
DA:84,12
DA:85,12
DA:86,12
DA:87,12
DA:108,3
DA:112,4
DA:113,2
DA:118,2
DA:119,1
DA:122,1
DA:124,84
DA:126,84
LF:36
LH:36
BRDA:10,0,0,13
BRDA:40,1,0,15
BRDA:40,1,1,0
BRDA:112,2,0,2
BRDA:118,3,0,1
BRDA:126,4,0,54
BRDA:126,4,1,30
BRF:7
BRH:6
end_of_record
TN:
SF:src/utils/time-series.utils.ts
FN:41,(anonymous_8)
FN:47,(anonymous_9)
FN:58,(anonymous_10)
FN:60,(anonymous_11)
FN:71,(anonymous_12)
FN:72,(anonymous_13)
FN:104,(anonymous_14)
FN:157,(anonymous_15)
FN:210,(anonymous_16)
FN:276,(anonymous_17)
FN:313,(anonymous_18)
FN:316,(anonymous_19)
FN:326,(anonymous_20)
FN:348,(anonymous_21)
FN:353,(anonymous_22)
FN:367,(anonymous_23)
FN:383,(anonymous_24)
FN:397,(anonymous_25)
FN:407,(anonymous_26)
FN:410,(anonymous_27)
FN:410,(anonymous_28)
FNF:21
FNH:0
FNDA:0,(anonymous_8)
FNDA:0,(anonymous_9)
FNDA:0,(anonymous_10)
FNDA:0,(anonymous_11)
FNDA:0,(anonymous_12)
FNDA:0,(anonymous_13)
FNDA:0,(anonymous_14)
FNDA:0,(anonymous_15)
FNDA:0,(anonymous_16)
FNDA:0,(anonymous_17)
FNDA:0,(anonymous_18)
FNDA:0,(anonymous_19)
FNDA:0,(anonymous_20)
FNDA:0,(anonymous_21)
FNDA:0,(anonymous_22)
FNDA:0,(anonymous_23)
FNDA:0,(anonymous_24)
FNDA:0,(anonymous_25)
FNDA:0,(anonymous_26)
FNDA:0,(anonymous_27)
FNDA:0,(anonymous_28)
DA:1,1
DA:3,1
DA:7,1
DA:41,1
DA:46,0
DA:47,0
DA:48,0
DA:49,0
DA:50,0
DA:52,0
DA:56,0
DA:58,0
DA:59,0
DA:60,0
DA:61,0
DA:62,0
DA:63,0
DA:64,0
DA:66,0
DA:70,0
DA:71,0
DA:72,0
DA:79,0
DA:80,0
DA:81,0
DA:85,0
DA:88,0
DA:90,0
DA:98,0
DA:101,0
DA:104,1
DA:120,0
DA:127,0
DA:141,0
DA:145,0
DA:150,0
DA:154,0
DA:157,1
DA:169,0
DA:176,0
DA:189,0
DA:195,0
DA:210,1
DA:221,0
DA:226,0
DA:233,0
DA:253,0
DA:257,0
DA:262,0
DA:266,0
DA:276,1
DA:281,0
DA:285,0
DA:313,1
DA:316,0
DA:317,0
DA:328,0
DA:329,0
DA:333,0
DA:348,1
DA:353,0
DA:354,0
DA:369,0
DA:370,0
DA:374,0
DA:383,1
DA:389,0
DA:390,0
DA:393,0
DA:397,0
DA:407,1
DA:408,0
DA:410,1
DA:411,0
DA:413,0
DA:414,0
DA:416,0
LF:77
LH:13
BRDA:49,0,0,0
BRDA:49,0,1,0
BRDA:63,1,0,0
BRDA:63,1,1,0
BRDA:88,2,0,0
BRDA:120,3,0,0
BRDA:120,3,1,0
BRDA:141,4,0,0
BRDA:141,4,1,0
BRDA:145,5,0,0
BRDA:145,5,1,0
BRDA:150,6,0,0
BRDA:150,6,1,0
BRDA:169,7,0,0
BRDA:169,7,1,0
BRDA:189,8,0,0
BRDA:189,8,1,0
BRDA:218,9,0,0
BRDA:219,10,0,0
BRDA:221,11,0,0
BRDA:221,11,1,0
BRDA:226,12,0,0
BRDA:226,12,1,0
BRDA:235,13,0,0
BRDA:235,13,1,0
BRDA:239,14,0,0
BRDA:239,14,1,0
BRDA:253,15,0,0
BRDA:253,15,1,0
BRDA:257,16,0,0
BRDA:257,16,1,0
BRDA:262,17,0,0
BRDA:262,17,1,0
BRDA:266,18,0,0
BRDA:266,18,1,0
BRDA:281,19,0,0
BRDA:281,19,1,0
BRDA:328,20,0,0
BRDA:362,21,0,0
BRDA:362,21,1,0
BRDA:362,22,0,0
BRDA:362,22,1,0
BRDA:369,23,0,0
BRDA:377,24,0,0
BRDA:377,24,1,0
BRDA:389,25,0,0
BRDA:407,26,0,0
BRF:47
BRH:0
end_of_record
TN:
SF:src/utils/urls.ts
FN:7,(anonymous_0)
FN:8,(anonymous_1)
FN:10,(anonymous_2)
FN:16,(anonymous_3)
FNF:4
FNH:0
FNDA:0,(anonymous_0)
FNDA:0,(anonymous_1)
FNDA:0,(anonymous_2)
FNDA:0,(anonymous_3)
DA:3,2
DA:5,2
DA:7,2
DA:8,2
DA:10,2
DA:16,2
DA:17,0
DA:18,0
DA:21,0
DA:25,0
DA:26,0
DA:30,0
LF:12
LH:6
BRDA:5,0,0,2
BRDA:5,0,1,2
BRDA:17,1,0,0
BRDA:21,2,0,0
BRDA:21,2,1,0
BRDA:21,3,0,0
BRDA:21,3,1,0
BRDA:21,4,0,0
BRDA:21,4,1,0
BRDA:21,5,0,0
BRDA:21,5,1,0
BRDA:25,6,0,0
BRF:12
BRH:2
end_of_record
TN:
SF:src/utils/uploads/upload-sheet-data.ts
FN:159,(anonymous_8)
FN:161,(anonymous_9)
FN:168,(anonymous_10)
FN:177,(anonymous_11)
FN:188,(anonymous_12)
FN:217,(anonymous_13)
FN:220,(anonymous_14)
FN:224,(anonymous_15)
FN:225,(anonymous_16)
FN:233,(anonymous_17)
FN:233,(anonymous_18)
FN:237,(anonymous_19)
FN:238,(anonymous_20)
FN:240,(anonymous_21)
FN:247,(anonymous_22)
FN:247,(anonymous_23)
FN:250,(anonymous_24)
FN:253,(anonymous_25)
FN:268,(anonymous_26)
FN:275,(anonymous_27)
FN:279,(anonymous_28)
FN:288,(anonymous_29)
FN:301,(anonymous_30)
FN:304,(anonymous_31)
FN:306,(anonymous_32)
FN:310,(anonymous_33)
FN:325,(anonymous_34)
FN:336,(anonymous_35)
FN:350,(anonymous_36)
FN:363,(anonymous_37)
FN:377,(anonymous_38)
FN:394,(anonymous_39)
FN:402,(anonymous_40)
FN:409,(anonymous_41)
FN:418,(anonymous_42)
FN:464,(anonymous_43)
FN:470,(anonymous_44)
FN:491,(anonymous_45)
FN:497,(anonymous_46)
FN:497,(anonymous_47)
FN:519,(anonymous_48)
FN:538,getTimezoneOffset
FN:549,(anonymous_50)
FN:561,(anonymous_51)
FN:608,(anonymous_52)
FN:614,(anonymous_53)
FN:615,(anonymous_54)
FN:626,(anonymous_55)
FN:632,(anonymous_56)
FN:634,(anonymous_57)
FN:653,(anonymous_58)
FN:679,(anonymous_59)
FN:685,(anonymous_60)
FN:721,(anonymous_61)
FN:733,(anonymous_62)
FN:753,(anonymous_63)
FN:760,(anonymous_64)
FN:772,(anonymous_65)
FN:779,(anonymous_66)
FN:780,(anonymous_67)
FN:781,(anonymous_68)
FN:811,(anonymous_69)
FN:828,(anonymous_70)
FN:831,(anonymous_71)
FN:837,(anonymous_72)
FN:855,(anonymous_73)
FNF:66
FNH:23
FNDA:0,(anonymous_8)
FNDA:0,(anonymous_9)
FNDA:0,(anonymous_10)
FNDA:0,(anonymous_11)
FNDA:118,(anonymous_12)
FNDA:7,(anonymous_13)
FNDA:74,(anonymous_14)
FNDA:8,(anonymous_15)
FNDA:4,(anonymous_16)
FNDA:7,(anonymous_17)
FNDA:7,(anonymous_18)
FNDA:17,(anonymous_19)
FNDA:458,(anonymous_20)
FNDA:2668,(anonymous_21)
FNDA:91,(anonymous_22)
FNDA:2257,(anonymous_23)
FNDA:91,(anonymous_24)
FNDA:91,(anonymous_25)
FNDA:7,(anonymous_26)
FNDA:119,(anonymous_27)
FNDA:119,(anonymous_28)
FNDA:0,(anonymous_29)
FNDA:0,(anonymous_30)
FNDA:0,(anonymous_31)
FNDA:0,(anonymous_32)
FNDA:0,(anonymous_33)
FNDA:0,(anonymous_34)
FNDA:7,(anonymous_35)
FNDA:91,(anonymous_36)
FNDA:118,(anonymous_37)
FNDA:1562,(anonymous_38)
FNDA:1146,(anonymous_39)
FNDA:1146,(anonymous_40)
FNDA:0,(anonymous_41)
FNDA:0,(anonymous_42)
FNDA:0,(anonymous_43)
FNDA:0,(anonymous_44)
FNDA:0,(anonymous_45)
FNDA:0,(anonymous_46)
FNDA:0,(anonymous_47)
FNDA:0,(anonymous_48)
FNDA:0,getTimezoneOffset
FNDA:0,(anonymous_50)
FNDA:0,(anonymous_51)
FNDA:0,(anonymous_52)
FNDA:0,(anonymous_53)
FNDA:0,(anonymous_54)
FNDA:0,(anonymous_55)
FNDA:0,(anonymous_56)
FNDA:0,(anonymous_57)
FNDA:0,(anonymous_58)
FNDA:0,(anonymous_59)
FNDA:0,(anonymous_60)
FNDA:0,(anonymous_61)
FNDA:0,(anonymous_62)
FNDA:0,(anonymous_63)
FNDA:0,(anonymous_64)
FNDA:0,(anonymous_65)
FNDA:0,(anonymous_66)
FNDA:0,(anonymous_67)
FNDA:0,(anonymous_68)
FNDA:0,(anonymous_69)
FNDA:0,(anonymous_70)
FNDA:0,(anonymous_71)
FNDA:0,(anonymous_72)
FNDA:0,(anonymous_73)
DA:3,1
DA:13,1
DA:15,1
DA:20,1
DA:21,1
DA:30,1
DA:31,1
DA:32,1
DA:33,1
DA:34,1
DA:35,1
DA:37,1
DA:48,1
DA:50,1
DA:65,1
DA:66,1
DA:67,1
DA:68,1
DA:77,1
DA:95,1
DA:159,1
DA:160,0
DA:161,0
DA:165,0
DA:168,0
DA:174,0
DA:177,1
DA:178,0
DA:179,0
DA:181,0
DA:182,0
DA:185,0
DA:188,1
DA:194,118
DA:195,118
DA:200,58
DA:201,60
DA:202,0
DA:204,0
DA:207,0
DA:208,0
DA:210,60
DA:211,0
DA:212,60
DA:213,60
DA:214,0
DA:217,1
DA:220,74
DA:222,7
DA:224,8
DA:225,4
DA:227,4
DA:228,0
DA:230,4
DA:233,7
DA:234,7
DA:235,7
DA:237,7
DA:238,17
DA:239,458
DA:240,2668
DA:245,7
DA:246,7
DA:247,2257
DA:249,7
DA:250,91
DA:252,7
DA:253,91
DA:255,7
DA:257,7
DA:268,1
DA:273,7
DA:276,119
DA:277,1
DA:279,119
DA:288,1
DA:299,0
DA:300,0
DA:301,0
DA:303,0
DA:304,0
DA:306,0
DA:308,0
DA:310,0
DA:311,0
DA:312,0
DA:313,0
DA:315,0
DA:316,0
DA:317,0
DA:319,0
DA:321,0
DA:325,0
DA:326,0
DA:327,0
DA:336,1
DA:345,7
DA:347,7
DA:350,7
DA:351,91
DA:352,22
DA:354,69
DA:356,7
DA:359,7
DA:361,7
DA:363,7
DA:364,118
DA:369,118
DA:373,118
DA:377,118
DA:378,1562
DA:379,1562
DA:381,1146
DA:390,7
DA:392,7
DA:393,7
DA:395,1146
DA:396,1146
DA:398,0
DA:399,0
DA:400,0
DA:402,1146
DA:404,7
DA:406,7
DA:409,1
DA:418,0
DA:419,0
DA:420,0
DA:426,0
DA:427,0
DA:430,0
DA:433,0
DA:436,0
DA:443,0
DA:453,0
DA:464,1
DA:470,0
DA:471,0
DA:481,0
DA:488,0
DA:491,1
DA:496,0
DA:497,0
DA:498,0
DA:499,0
DA:511,0
DA:512,0
DA:514,0
DA:518,0
DA:519,0
DA:520,0
DA:539,0
DA:540,0
DA:543,0
DA:545,0
DA:549,1
DA:561,0
DA:562,0
DA:571,0
DA:572,0
DA:579,0
DA:587,0
DA:597,0
DA:608,1
DA:614,0
DA:615,0
DA:616,0
DA:625,0
DA:626,0
DA:628,0
DA:630,0
DA:634,0
DA:635,0
DA:636,0
DA:637,0
DA:639,0
DA:640,0
DA:652,0
DA:661,0
DA:664,0
DA:667,0
DA:670,0
DA:674,0
DA:678,0
DA:680,0
DA:684,0
DA:686,0
DA:691,0
DA:693,0
DA:701,0
DA:704,0
DA:721,1
DA:733,0
DA:734,0
DA:736,0
DA:737,0
DA:748,0
DA:750,0
DA:751,0
DA:753,0
DA:759,0
DA:760,0
DA:762,0
DA:763,0
DA:767,0
DA:769,0
DA:771,0
DA:772,0
DA:775,0
DA:776,0
DA:778,0
DA:779,0
DA:780,0
DA:781,0
DA:784,0
DA:794,0
DA:796,0
DA:797,0
DA:801,0
DA:803,0
DA:810,0
DA:812,0
DA:828,0
DA:830,0
DA:832,0
DA:836,0
DA:838,0
DA:843,0
DA:854,0
DA:856,0
DA:866,0
DA:868,0
DA:869,0
LF:233
LH:91
BRDA:160,0,0,0
BRDA:181,1,0,0
BRDA:195,2,0,58
BRDA:196,3,0,118
BRDA:196,3,1,58
BRDA:196,3,2,58
BRDA:201,4,0,0
BRDA:204,5,0,0
BRDA:204,5,1,0
BRDA:207,6,0,0
BRDA:207,6,1,0
BRDA:210,7,0,0
BRDA:210,8,0,60
BRDA:210,8,1,60
BRDA:210,8,2,60
BRDA:212,9,0,60
BRDA:212,10,0,60
BRDA:212,10,1,60
BRDA:212,10,2,60
BRDA:222,11,0,3
BRDA:227,12,0,0
BRDA:227,13,0,4
BRDA:227,13,1,4
BRDA:235,14,0,0
BRDA:235,14,1,7
BRDA:235,15,0,7
BRDA:235,15,1,7
BRDA:237,16,0,0
BRDA:237,16,1,7
BRDA:237,17,0,7
BRDA:237,17,1,7
BRDA:240,18,0,2668
BRDA:240,18,1,2668
BRDA:247,19,0,9
BRDA:247,19,1,82
BRDA:247,20,0,91
BRDA:247,20,1,91
BRDA:250,21,0,91
BRDA:250,21,1,82
BRDA:273,22,0,7
BRDA:273,22,1,0
BRDA:273,23,0,7
BRDA:273,23,1,7
BRDA:276,24,0,118
BRDA:311,25,0,0
BRDA:311,25,1,0
BRDA:311,25,2,0
BRDA:312,26,0,0
BRDA:312,26,1,0
BRDA:312,26,2,0
BRDA:313,27,0,0
BRDA:313,27,1,0
BRDA:317,28,0,0
BRDA:317,28,1,0
BRDA:330,29,0,0
BRDA:330,29,1,0
BRDA:331,30,0,0
BRDA:331,30,1,0
BRDA:347,31,0,3
BRDA:347,31,1,4
BRDA:351,32,0,22
BRDA:351,33,0,91
BRDA:351,33,1,82
BRDA:369,34,0,0
BRDA:369,34,1,118
BRDA:379,35,0,1146
BRDA:395,36,0,1146
BRDA:426,37,0,0
BRDA:438,38,0,0
BRDA:438,38,1,0
BRDA:475,39,0,0
BRDA:475,39,1,0
BRDA:475,40,0,0
BRDA:475,40,1,0
BRDA:481,41,0,0
BRDA:481,41,1,0
BRDA:494,42,0,0
BRDA:564,43,0,0
BRDA:564,43,1,0
BRDA:571,44,0,0
BRDA:582,45,0,0
BRDA:582,45,1,0
BRDA:593,46,0,0
BRDA:593,46,1,0
BRDA:635,47,0,0
BRDA:636,48,0,0
BRDA:640,49,0,0
BRDA:640,49,1,0
BRDA:668,50,0,0
BRDA:668,50,1,0
BRDA:668,51,0,0
BRDA:668,51,1,0
BRDA:675,52,0,0
BRDA:675,52,1,0
BRDA:675,53,0,0
BRDA:675,53,1,0
BRDA:701,54,0,0
BRDA:701,54,1,0
BRDA:701,55,0,0
BRDA:701,55,1,0
BRDA:701,56,0,0
BRDA:701,56,1,0
BRDA:736,57,0,0
BRDA:736,58,0,0
BRDA:736,58,1,0
BRDA:750,59,0,0
BRDA:750,60,0,0
BRDA:750,60,1,0
BRDA:760,61,0,0
BRDA:760,61,1,0
BRDA:762,62,0,0
BRDA:762,63,0,0
BRDA:762,63,1,0
BRDA:767,64,0,0
BRDA:769,65,0,0
BRDA:775,66,0,0
BRDA:784,67,0,0
BRDA:784,67,1,0
BRDA:796,68,0,0
BRDA:796,69,0,0
BRDA:796,69,1,0
BRDA:859,70,0,0
BRDA:859,70,1,0
BRDA:859,71,0,0
BRDA:859,71,1,0
BRF:125
BRH:40
end_of_record
TN:
SF:src/workers/dailyData.ts
FN:18,getDegreeHeatingDays
FN:53,getDailyData
FN:103,hasNoData
FN:107,getWeeklyAlertLevel
FN:125,getMaxAlert
FN:132,getSitesIdsWithoutDataForDate
FN:155,(anonymous_18)
FN:159,getSitesDailyData
FN:182,(anonymous_21)
FN:182,(anonymous_22)
FN:237,runDailyUpdate
FNF:11
FNH:2
FNDA:1,getDegreeHeatingDays
FNDA:1,getDailyData
FNDA:0,hasNoData
FNDA:0,getWeeklyAlertLevel
FNDA:0,getMaxAlert
FNDA:0,getSitesIdsWithoutDataForDate
FNDA:0,(anonymous_18)
FNDA:0,getSitesDailyData
FNDA:0,(anonymous_21)
FNDA:0,(anonymous_22)
FNDA:0,runDailyUpdate
DA:2,1
DA:3,1
DA:5,1
DA:6,1
DA:7,1
DA:8,1
DA:9,1
DA:10,1
DA:11,1
DA:12,1
DA:14,1
DA:15,1
DA:16,1
DA:18,1
DA:24,1
DA:26,1
DA:27,1
DA:32,1
DA:43,1
DA:44,1
DA:53,1
DA:57,1
DA:58,1
DA:62,1
DA:84,1
DA:86,1
DA:88,1
DA:94,1
DA:104,0
DA:107,1
DA:112,0
DA:113,0
DA:114,0
DA:122,0
DA:125,1
DA:129,0
DA:132,1
DA:137,0
DA:151,0
DA:152,0
DA:155,0
DA:159,1
DA:164,0
DA:165,0
DA:166,0
DA:176,0
DA:177,0
DA:180,0
DA:182,0
DA:183,0
DA:186,0
DA:187,0
DA:188,0
DA:192,0
DA:198,0
DA:205,0
DA:207,0
DA:210,0
DA:211,0
DA:212,0
DA:220,0
DA:230,0
DA:237,1
DA:238,0
DA:240,0
DA:241,0
DA:242,0
DA:243,0
DA:244,0
DA:246,0
LF:70
LH:33
BRDA:45,0,0,1
BRDA:45,0,1,0
BRDA:58,1,0,0
BRDA:58,1,1,1
BRDA:84,2,0,1
BRDA:84,2,1,1
BRDA:86,3,0,1
BRDA:86,3,1,0
BRDA:91,4,0,1
BRDA:91,4,1,0
BRDA:91,5,0,1
BRDA:91,5,1,1
BRDA:99,6,0,1
BRDA:99,6,1,0
BRDA:99,7,0,1
BRDA:99,7,1,1
BRDA:122,8,0,0
BRDA:122,8,1,0
BRDA:151,9,0,0
BRDA:151,10,0,0
BRDA:151,10,1,0
BRDA:151,11,0,0
BRDA:151,11,1,0
BRDA:167,12,0,0
BRDA:167,12,1,0
BRDA:167,13,0,0
BRDA:167,13,1,0
BRDA:186,14,0,0
BRDA:210,15,0,0
BRDA:210,15,1,0
BRF:30
BRH:11
end_of_record
